#
# There is insufficient memory for the Java Runtime Environment to continue.
# Native memory allocation (mmap) failed to map 47185920 bytes for Failed to commit area from 0x000000008de00000 to 0x0000000090b00000 of length 47185920.
# Possible reasons:
#   The system is out of physical RAM or swap space
#   The process is running with CompressedOops enabled, and the Java Heap may be blocking the growth of the native heap
# Possible solutions:
#   Reduce memory load on the system
#   Increase physical memory or swap space
#   Check if swap backing store is full
#   Decrease Java heap size (-Xmx/-Xms)
#   Decrease number of Java threads
#   Decrease Java thread stack sizes (-Xss)
#   Set larger code cache with -XX:ReservedCodeCacheSize=
#   JVM is running with Unscaled Compressed Oops mode in which the Java heap is
#     placed in the first 4GB address space. The Java Heap base address is the
#     maximum limit for the native heap growth. Please use -XX:HeapBaseMinAddress
#     to set the Java Heap base and to place the Java Heap above 4GB virtual address.
# This output file may be truncated or incomplete.
#
#  Out of Memory Error (./src/hotspot/os/windows/os_windows.cpp:3619), pid=13952, tid=11176
#
# JRE version: OpenJDK Runtime Environment (11.0.13) (build 11.0.13+0-b1751.21-8125866)
# Java VM: OpenJDK 64-Bit Server VM (11.0.13+0-b1751.21-8125866, mixed mode, tiered, compressed oops, g1 gc, windows-amd64)
# No core dump will be written. Minidumps are not enabled by default on client versions of Windows
#

---------------  S U M M A R Y ------------

Command Line: --add-opens=java.base/java.util=ALL-UNNAMED --add-opens=java.base/java.lang=ALL-UNNAMED --add-opens=java.base/java.lang.invoke=ALL-UNNAMED --add-opens=java.base/java.util=ALL-UNNAMED --add-opens=java.prefs/java.util.prefs=ALL-UNNAMED --add-opens=java.prefs/java.util.prefs=ALL-UNNAMED --add-opens=java.base/java.nio.charset=ALL-UNNAMED --add-opens=java.base/java.net=ALL-UNNAMED --add-opens=java.base/java.util.concurrent.atomic=ALL-UNNAMED -Xmx2048m -Dfile.encoding=UTF-8 -Duser.country=US -Duser.language=en -Duser.variant org.gradle.launcher.daemon.bootstrap.GradleDaemon 7.4

Host: Intel(R) Core(TM) i7-8550U CPU @ 1.80GHz, 8 cores, 7G,  Windows 10 , 64 bit Build 19041 (10.0.19041.3031)
Time: Thu Jun 22 12:10:59 2023 West Bank Gaza Daylight Time elapsed time: 23.823565 seconds (0d 0h 0m 23s)

---------------  T H R E A D  ---------------

Current thread (0x000001f17dc83800):  VMThread "VM Thread" [stack: 0x000000cc67c00000,0x000000cc67d00000] [id=11176]

Stack: [0x000000cc67c00000,0x000000cc67d00000]
[error occurred during error reporting (printing stack bounds), id 0xc0000005, EXCEPTION_ACCESS_VIOLATION (0xc0000005) at pc=0x000001f10000112d]

Native frames: (J=compiled Java code, j=interpreted, Vv=VM code, C=native code)
V  [jvm.dll+0x6100fa]
V  [jvm.dll+0x747090]
V  [jvm.dll+0x7486ad]
V  [jvm.dll+0x748ce5]
V  [jvm.dll+0x748c9b]
V  [jvm.dll+0x60f224]
V  [jvm.dll+0x60f9b8]
C  [ntdll.dll+0xa247f]
C  [ntdll.dll+0x514f4]
C  [ntdll.dll+0xa0f8e]
C  0x000001f10000112d

VM_Operation (0x000000cc6b1f9d30): G1CollectForAllocation, mode: safepoint, requested by thread 0x000001f1108c2800


---------------  P R O C E S S  ---------------

Threads class SMR info:
_java_thread_list=0x000001f118f23f20, length=127, elements={
0x000001f171fcf800, 0x000001f17d45d000, 0x000001f17dc9e800, 0x000001f17d46a800,
0x000001f17d473000, 0x000001f17d475800, 0x000001f17d476800, 0x000001f17dcea000,
0x000001f17dcef000, 0x000001f17de47800, 0x000001f17f768800, 0x000001f1100e8000,
0x000001f10f626000, 0x000001f1100a1800, 0x000001f17f68e800, 0x000001f10f183000,
0x000001f17f842000, 0x000001f17eac5800, 0x000001f17eac6000, 0x000001f10f00b800,
0x000001f10f54e000, 0x000001f10f54e800, 0x000001f10f54d000, 0x000001f10f550800,
0x000001f10f54f800, 0x000001f10f54a800, 0x000001f10f551000, 0x000001f10f54b800,
0x000001f10f54c800, 0x000001f10f702000, 0x000001f10f704000, 0x000001f10f701800,
0x000001f10f700800, 0x000001f10f707000, 0x000001f10f703000, 0x000001f10f704800,
0x000001f10f705800, 0x000001f10f706800, 0x000001f1108c5000, 0x000001f1108c6800,
0x000001f1108c1000, 0x000001f1108c1800, 0x000001f1108c2800, 0x000001f1108c3800,
0x000001f1108c7800, 0x000001f1108c4000, 0x000001f17e665800, 0x000001f17e662800,
0x000001f17e663000, 0x000001f17e664000, 0x000001f17e665000, 0x000001f17e661000,
0x000001f17e666800, 0x000001f17e667800, 0x000001f17e661800, 0x000001f17e66b800,
0x000001f17e669000, 0x000001f17e66c000, 0x000001f17e669800, 0x000001f17e66a800,
0x000001f17e66d000, 0x000001f17e66e000, 0x000001f17e668000, 0x000001f17e66f800,
0x000001f17e66e800, 0x000001f10fc08800, 0x000001f10fc03800, 0x000001f10fc03000,
0x000001f10fc0a000, 0x000001f10fc04800, 0x000001f10fc07800, 0x000001f10fc09800,
0x000001f10fc0b000, 0x000001f10fc05800, 0x000001f10fc0c000, 0x000001f10fc06000,
0x000001f10fc0c800, 0x000001f10fc07000, 0x000001f10fc0d800, 0x000001f10fc0e800,
0x000001f10fc0f000, 0x000001f10fc10000, 0x000001f10fc10800, 0x000001f10fc11800,
0x000001f10f50e800, 0x000001f10f50c800, 0x000001f10f50f800, 0x000001f10f50b800,
0x000001f10f50d000, 0x000001f10f50e000, 0x000001f10f510800, 0x000001f10f50a800,
0x000001f10f511000, 0x000001f10f513800, 0x000001f10f512000, 0x000001f10f517800,
0x000001f10f516000, 0x000001f10f518800, 0x000001f10f513000, 0x000001f10f519800,
0x000001f10f514800, 0x000001f10f515800, 0x000001f10f517000, 0x000001f17dfa7800,
0x000001f17dfa5000, 0x000001f17dfa7000, 0x000001f17dfa3800, 0x000001f17dfa4800,
0x000001f17dfa2800, 0x000001f17dfa8800, 0x000001f17dfa9000, 0x000001f17dfaa000,
0x000001f17dfa6000, 0x000001f17dfab800, 0x000001f17dfad800, 0x000001f17dfaf000,
0x000001f17dfb0800, 0x000001f17dfae000, 0x000001f17dfab000, 0x000001f17dfb1800,
0x000001f17dfb0000, 0x000001f17dfac800, 0x000001f10f4a5000, 0x000001f10f4a4800,
0x000001f10f4a3800, 0x000001f10ff3f000, 0x000001f10ff41800
}

Java Threads: ( => current thread )
  0x000001f171fcf800 JavaThread "main" [_thread_blocked, id=9896, stack(0x000000cc67600000,0x000000cc67700000)]
  0x000001f17d45d000 JavaThread "Reference Handler" daemon [_thread_blocked, id=4224, stack(0x000000cc67d00000,0x000000cc67e00000)]
  0x000001f17dc9e800 JavaThread "Finalizer" daemon [_thread_blocked, id=12676, stack(0x000000cc67e00000,0x000000cc67f00000)]
  0x000001f17d46a800 JavaThread "Signal Dispatcher" daemon [_thread_blocked, id=13004, stack(0x000000cc67f00000,0x000000cc68000000)]
  0x000001f17d473000 JavaThread "Attach Listener" daemon [_thread_blocked, id=14344, stack(0x000000cc68000000,0x000000cc68100000)]
  0x000001f17d475800 JavaThread "Service Thread" daemon [_thread_blocked, id=14732, stack(0x000000cc68100000,0x000000cc68200000)]
  0x000001f17d476800 JavaThread "C2 CompilerThread0" daemon [_thread_blocked, id=13108, stack(0x000000cc68200000,0x000000cc68300000)]
  0x000001f17dcea000 JavaThread "C1 CompilerThread0" daemon [_thread_blocked, id=13976, stack(0x000000cc68300000,0x000000cc68400000)]
  0x000001f17dcef000 JavaThread "Sweeper thread" daemon [_thread_blocked, id=12432, stack(0x000000cc68400000,0x000000cc68500000)]
  0x000001f17de47800 JavaThread "Common-Cleaner" daemon [_thread_blocked, id=1260, stack(0x000000cc68500000,0x000000cc68600000)]
  0x000001f17f768800 JavaThread "Daemon health stats" [_thread_blocked, id=7448, stack(0x000000cc68b00000,0x000000cc68c00000)]
  0x000001f1100e8000 JavaThread "Incoming local TCP Connector on port 53467" [_thread_in_native, id=12904, stack(0x000000cc68700000,0x000000cc68800000)]
  0x000001f10f626000 JavaThread "Daemon periodic checks" [_thread_blocked, id=13732, stack(0x000000cc68a00000,0x000000cc68b00000)]
  0x000001f1100a1800 JavaThread "Daemon" [_thread_blocked, id=8004, stack(0x000000cc68c00000,0x000000cc68d00000)]
  0x000001f17f68e800 JavaThread "Handler for socket connection from /127.0.0.1:53467 to /127.0.0.1:53468" [_thread_in_native, id=976, stack(0x000000cc68d00000,0x000000cc68e00000)]
  0x000001f10f183000 JavaThread "Cancel handler" [_thread_blocked, id=8048, stack(0x000000cc68e00000,0x000000cc68f00000)]
  0x000001f17f842000 JavaThread "Daemon worker" [_thread_blocked, id=7244, stack(0x000000cc68f00000,0x000000cc69000000)]
  0x000001f17eac5800 JavaThread "Asynchronous log dispatcher for DefaultDaemonConnection: socket connection from /127.0.0.1:53467 to /127.0.0.1:53468" [_thread_blocked, id=7972, stack(0x000000cc69000000,0x000000cc69100000)]
  0x000001f17eac6000 JavaThread "Stdin handler" [_thread_blocked, id=13232, stack(0x000000cc69100000,0x000000cc69200000)]
  0x000001f10f00b800 JavaThread "Daemon client event forwarder" [_thread_blocked, id=9080, stack(0x000000cc69200000,0x000000cc69300000)]
  0x000001f10f54e000 JavaThread "Cache worker for journal cache (C:\Users\Admin\.gradle\caches\journal-1)" [_thread_blocked, id=10216, stack(0x000000cc69800000,0x000000cc69900000)]
  0x000001f10f54e800 JavaThread "File lock request listener" [_thread_in_native, id=14916, stack(0x000000cc69900000,0x000000cc69a00000)]
  0x000001f10f54d000 JavaThread "Cache worker for file hash cache (C:\Users\Admin\.gradle\caches\7.4\fileHashes)" [_thread_blocked, id=8152, stack(0x000000cc69b00000,0x000000cc69c00000)]
  0x000001f10f550800 JavaThread "File watcher server" daemon [_thread_in_native, id=8772, stack(0x000000cc69d00000,0x000000cc69e00000)]
  0x000001f10f54f800 JavaThread "File watcher consumer" daemon [_thread_blocked, id=9584, stack(0x000000cc69e00000,0x000000cc69f00000)]
  0x000001f10f54a800 JavaThread "jar transforms" [_thread_blocked, id=5468, stack(0x000000cc6a000000,0x000000cc6a100000)]
  0x000001f10f551000 JavaThread "jar transforms Thread 2" [_thread_blocked, id=4548, stack(0x000000cc6a100000,0x000000cc6a200000)]
  0x000001f10f54b800 JavaThread "jar transforms Thread 3" [_thread_blocked, id=14164, stack(0x000000cc6a200000,0x000000cc6a300000)]
  0x000001f10f54c800 JavaThread "jar transforms Thread 4" [_thread_blocked, id=1776, stack(0x000000cc6a300000,0x000000cc6a400000)]
  0x000001f10f702000 JavaThread "jar transforms Thread 5" [_thread_blocked, id=14428, stack(0x000000cc6a400000,0x000000cc6a500000)]
  0x000001f10f704000 JavaThread "jar transforms Thread 6" [_thread_blocked, id=5380, stack(0x000000cc6a500000,0x000000cc6a600000)]
  0x000001f10f701800 JavaThread "jar transforms Thread 7" [_thread_blocked, id=13412, stack(0x000000cc6a600000,0x000000cc6a700000)]
  0x000001f10f700800 JavaThread "jar transforms Thread 8" [_thread_blocked, id=1816, stack(0x000000cc6a700000,0x000000cc6a800000)]
  0x000001f10f707000 JavaThread "Cache worker for checksums cache (C:\Users\Admin\Desktop\mobile\ass2\ass2\simple_calculater\.gradle\7.4\checksums)" [_thread_blocked, id=4168, stack(0x000000cc6a800000,0x000000cc6a900000)]
  0x000001f10f703000 JavaThread "Cache worker for cache directory md-rule (C:\Users\Admin\.gradle\caches\7.4\md-rule)" [_thread_blocked, id=12480, stack(0x000000cc6a900000,0x000000cc6aa00000)]
  0x000001f10f704800 JavaThread "Cache worker for file hash cache (C:\Users\Admin\Desktop\mobile\ass2\ass2\simple_calculater\.gradle\7.4\fileHashes)" [_thread_blocked, id=15040, stack(0x000000cc6aa00000,0x000000cc6ab00000)]
  0x000001f10f705800 JavaThread "Cache worker for cache directory md-supplier (C:\Users\Admin\.gradle\caches\7.4\md-supplier)" [_thread_blocked, id=3952, stack(0x000000cc6ab00000,0x000000cc6ac00000)]
  0x000001f10f706800 JavaThread "Cache worker for execution history cache (C:\Users\Admin\.gradle\caches\7.4\executionHistory)" [_thread_blocked, id=8460, stack(0x000000cc69f00000,0x000000cc6a000000)]
  0x000001f1108c5000 JavaThread "Cache worker for file content cache (C:\Users\Admin\.gradle\caches\7.4\fileContent)" [_thread_blocked, id=8176, stack(0x000000cc6ad00000,0x000000cc6ae00000)]
  0x000001f1108c6800 JavaThread "Cache worker for dependencies-accessors (C:\Users\Admin\Desktop\mobile\ass2\ass2\simple_calculater\.gradle\7.4\dependencies-accessors)" [_thread_blocked, id=14204, stack(0x000000cc6ae00000,0x000000cc6af00000)]
  0x000001f1108c1000 JavaThread "Cache worker for Build Output Cleanup Cache (C:\Users\Admin\Desktop\mobile\ass2\ass2\simple_calculater\.gradle\buildOutputCleanup)" [_thread_blocked, id=4496, stack(0x000000cc6af00000,0x000000cc6b000000)]
  0x000001f1108c1800 JavaThread "Unconstrained build operations" [_thread_blocked, id=12748, stack(0x000000cc6b000000,0x000000cc6b100000)]
  0x000001f1108c2800 JavaThread "Unconstrained build operations Thread 2" [_thread_blocked, id=10876, stack(0x000000cc6b100000,0x000000cc6b200000)]
  0x000001f1108c3800 JavaThread "Unconstrained build operations Thread 3" [_thread_blocked, id=5308, stack(0x000000cc6b200000,0x000000cc6b300000)]
  0x000001f1108c7800 JavaThread "Unconstrained build operations Thread 4" [_thread_blocked, id=13928, stack(0x000000cc6b300000,0x000000cc6b400000)]
  0x000001f1108c4000 JavaThread "Unconstrained build operations Thread 5" [_thread_blocked, id=2284, stack(0x000000cc6b400000,0x000000cc6b500000)]
  0x000001f17e665800 JavaThread "Unconstrained build operations Thread 6" [_thread_blocked, id=8656, stack(0x000000cc6b500000,0x000000cc6b600000)]
  0x000001f17e662800 JavaThread "Unconstrained build operations Thread 7" [_thread_blocked, id=5332, stack(0x000000cc6b600000,0x000000cc6b700000)]
  0x000001f17e663000 JavaThread "Unconstrained build operations Thread 8" [_thread_blocked, id=7108, stack(0x000000cc6b700000,0x000000cc6b800000)]
  0x000001f17e664000 JavaThread "Unconstrained build operations Thread 9" [_thread_blocked, id=11320, stack(0x000000cc6b800000,0x000000cc6b900000)]
  0x000001f17e665000 JavaThread "Unconstrained build operations Thread 10" [_thread_blocked, id=5580, stack(0x000000cc6b900000,0x000000cc6ba00000)]
  0x000001f17e661000 JavaThread "Unconstrained build operations Thread 11" [_thread_blocked, id=15000, stack(0x000000cc6ba00000,0x000000cc6bb00000)]
  0x000001f17e666800 JavaThread "Unconstrained build operations Thread 12" [_thread_blocked, id=9324, stack(0x000000cc6bb00000,0x000000cc6bc00000)]
  0x000001f17e667800 JavaThread "Unconstrained build operations Thread 13" [_thread_blocked, id=12188, stack(0x000000cc6bc00000,0x000000cc6bd00000)]
  0x000001f17e661800 JavaThread "Unconstrained build operations Thread 14" [_thread_blocked, id=1660, stack(0x000000cc6bd00000,0x000000cc6be00000)]
  0x000001f17e66b800 JavaThread "Unconstrained build operations Thread 15" [_thread_blocked, id=3476, stack(0x000000cc6be00000,0x000000cc6bf00000)]
  0x000001f17e669000 JavaThread "Unconstrained build operations Thread 16" [_thread_blocked, id=14576, stack(0x000000cc6bf00000,0x000000cc6c000000)]
  0x000001f17e66c000 JavaThread "Unconstrained build operations Thread 17" [_thread_blocked, id=5368, stack(0x000000cc6c000000,0x000000cc6c100000)]
  0x000001f17e669800 JavaThread "Unconstrained build operations Thread 18" [_thread_blocked, id=8720, stack(0x000000cc6c100000,0x000000cc6c200000)]
  0x000001f17e66a800 JavaThread "Unconstrained build operations Thread 19" [_thread_blocked, id=12496, stack(0x000000cc6c200000,0x000000cc6c300000)]
  0x000001f17e66d000 JavaThread "Unconstrained build operations Thread 20" [_thread_blocked, id=1668, stack(0x000000cc6c300000,0x000000cc6c400000)]
  0x000001f17e66e000 JavaThread "Unconstrained build operations Thread 21" [_thread_blocked, id=4128, stack(0x000000cc6c400000,0x000000cc6c500000)]
  0x000001f17e668000 JavaThread "Unconstrained build operations Thread 22" [_thread_blocked, id=4700, stack(0x000000cc6c500000,0x000000cc6c600000)]
  0x000001f17e66f800 JavaThread "Unconstrained build operations Thread 23" [_thread_blocked, id=4796, stack(0x000000cc6c600000,0x000000cc6c700000)]
  0x000001f17e66e800 JavaThread "Unconstrained build operations Thread 24" [_thread_blocked, id=13756, stack(0x000000cc6c700000,0x000000cc6c800000)]
  0x000001f10fc08800 JavaThread "Unconstrained build operations Thread 25" [_thread_blocked, id=8148, stack(0x000000cc6c800000,0x000000cc6c900000)]
  0x000001f10fc03800 JavaThread "Unconstrained build operations Thread 26" [_thread_blocked, id=3920, stack(0x000000cc6c900000,0x000000cc6ca00000)]
  0x000001f10fc03000 JavaThread "Unconstrained build operations Thread 27" [_thread_blocked, id=12844, stack(0x000000cc6ca00000,0x000000cc6cb00000)]
  0x000001f10fc0a000 JavaThread "Unconstrained build operations Thread 28" [_thread_blocked, id=1412, stack(0x000000cc6cb00000,0x000000cc6cc00000)]
  0x000001f10fc04800 JavaThread "Unconstrained build operations Thread 29" [_thread_blocked, id=14036, stack(0x000000cc6cc00000,0x000000cc6cd00000)]
  0x000001f10fc07800 JavaThread "Unconstrained build operations Thread 30" [_thread_blocked, id=14720, stack(0x000000cc6cd00000,0x000000cc6ce00000)]
  0x000001f10fc09800 JavaThread "Unconstrained build operations Thread 31" [_thread_blocked, id=3660, stack(0x000000cc6ce00000,0x000000cc6cf00000)]
  0x000001f10fc0b000 JavaThread "Unconstrained build operations Thread 32" [_thread_blocked, id=6972, stack(0x000000cc6cf00000,0x000000cc6d000000)]
  0x000001f10fc05800 JavaThread "Unconstrained build operations Thread 33" [_thread_blocked, id=13280, stack(0x000000cc6d000000,0x000000cc6d100000)]
  0x000001f10fc0c000 JavaThread "Unconstrained build operations Thread 34" [_thread_blocked, id=7320, stack(0x000000cc6d100000,0x000000cc6d200000)]
  0x000001f10fc06000 JavaThread "Unconstrained build operations Thread 35" [_thread_blocked, id=13748, stack(0x000000cc6d200000,0x000000cc6d300000)]
  0x000001f10fc0c800 JavaThread "Unconstrained build operations Thread 36" [_thread_blocked, id=10692, stack(0x000000cc6d300000,0x000000cc6d400000)]
  0x000001f10fc07000 JavaThread "Unconstrained build operations Thread 37" [_thread_blocked, id=2516, stack(0x000000cc6d400000,0x000000cc6d500000)]
  0x000001f10fc0d800 JavaThread "Unconstrained build operations Thread 38" [_thread_blocked, id=13544, stack(0x000000cc6d500000,0x000000cc6d600000)]
  0x000001f10fc0e800 JavaThread "Unconstrained build operations Thread 39" [_thread_blocked, id=6372, stack(0x000000cc6d600000,0x000000cc6d700000)]
  0x000001f10fc0f000 JavaThread "Unconstrained build operations Thread 40" [_thread_blocked, id=14648, stack(0x000000cc6d700000,0x000000cc6d800000)]
  0x000001f10fc10000 JavaThread "Unconstrained build operations Thread 41" [_thread_blocked, id=3708, stack(0x000000cc6d800000,0x000000cc6d900000)]
  0x000001f10fc10800 JavaThread "Unconstrained build operations Thread 42" [_thread_blocked, id=2600, stack(0x000000cc6d900000,0x000000cc6da00000)]
  0x000001f10fc11800 JavaThread "Unconstrained build operations Thread 43" [_thread_blocked, id=1712, stack(0x000000cc6da00000,0x000000cc6db00000)]
  0x000001f10f50e800 JavaThread "Unconstrained build operations Thread 44" [_thread_blocked, id=14952, stack(0x000000cc6db00000,0x000000cc6dc00000)]
  0x000001f10f50c800 JavaThread "Unconstrained build operations Thread 45" [_thread_blocked, id=5240, stack(0x000000cc6dc00000,0x000000cc6dd00000)]
  0x000001f10f50f800 JavaThread "Unconstrained build operations Thread 46" [_thread_blocked, id=3864, stack(0x000000cc6dd00000,0x000000cc6de00000)]
  0x000001f10f50b800 JavaThread "Unconstrained build operations Thread 47" [_thread_blocked, id=524, stack(0x000000cc6de00000,0x000000cc6df00000)]
  0x000001f10f50d000 JavaThread "Unconstrained build operations Thread 48" [_thread_blocked, id=13760, stack(0x000000cc6df00000,0x000000cc6e000000)]
  0x000001f10f50e000 JavaThread "Unconstrained build operations Thread 49" [_thread_blocked, id=15164, stack(0x000000cc6e000000,0x000000cc6e100000)]
  0x000001f10f510800 JavaThread "Unconstrained build operations Thread 50" [_thread_blocked, id=2684, stack(0x000000cc6e100000,0x000000cc6e200000)]
  0x000001f10f50a800 JavaThread "Unconstrained build operations Thread 51" [_thread_blocked, id=4632, stack(0x000000cc6e200000,0x000000cc6e300000)]
  0x000001f10f511000 JavaThread "Unconstrained build operations Thread 52" [_thread_blocked, id=12380, stack(0x000000cc6e300000,0x000000cc6e400000)]
  0x000001f10f513800 JavaThread "Unconstrained build operations Thread 53" [_thread_blocked, id=3420, stack(0x000000cc6e400000,0x000000cc6e500000)]
  0x000001f10f512000 JavaThread "Unconstrained build operations Thread 54" [_thread_blocked, id=532, stack(0x000000cc6e500000,0x000000cc6e600000)]
  0x000001f10f517800 JavaThread "Unconstrained build operations Thread 55" [_thread_blocked, id=14308, stack(0x000000cc6e600000,0x000000cc6e700000)]
  0x000001f10f516000 JavaThread "Unconstrained build operations Thread 56" [_thread_blocked, id=6684, stack(0x000000cc6e700000,0x000000cc6e800000)]
  0x000001f10f518800 JavaThread "Unconstrained build operations Thread 57" [_thread_blocked, id=10872, stack(0x000000cc6e800000,0x000000cc6e900000)]
  0x000001f10f513000 JavaThread "Unconstrained build operations Thread 58" [_thread_blocked, id=6712, stack(0x000000cc6e900000,0x000000cc6ea00000)]
  0x000001f10f519800 JavaThread "Unconstrained build operations Thread 59" [_thread_blocked, id=3844, stack(0x000000cc6ea00000,0x000000cc6eb00000)]
  0x000001f10f514800 JavaThread "Unconstrained build operations Thread 60" [_thread_blocked, id=11636, stack(0x000000cc6eb00000,0x000000cc6ec00000)]
  0x000001f10f515800 JavaThread "Unconstrained build operations Thread 61" [_thread_blocked, id=11004, stack(0x000000cc6ec00000,0x000000cc6ed00000)]
  0x000001f10f517000 JavaThread "Unconstrained build operations Thread 62" [_thread_blocked, id=13872, stack(0x000000cc6ed00000,0x000000cc6ee00000)]
  0x000001f17dfa7800 JavaThread "Unconstrained build operations Thread 63" [_thread_blocked, id=11980, stack(0x000000cc6ee00000,0x000000cc6ef00000)]
  0x000001f17dfa5000 JavaThread "Unconstrained build operations Thread 64" [_thread_blocked, id=3444, stack(0x000000cc6ef00000,0x000000cc6f000000)]
  0x000001f17dfa7000 JavaThread "Unconstrained build operations Thread 65" [_thread_blocked, id=12960, stack(0x000000cc6f000000,0x000000cc6f100000)]
  0x000001f17dfa3800 JavaThread "Unconstrained build operations Thread 66" [_thread_blocked, id=7804, stack(0x000000cc6f100000,0x000000cc6f200000)]
  0x000001f17dfa4800 JavaThread "Unconstrained build operations Thread 67" [_thread_blocked, id=9564, stack(0x000000cc6f200000,0x000000cc6f300000)]
  0x000001f17dfa2800 JavaThread "Unconstrained build operations Thread 68" [_thread_blocked, id=1360, stack(0x000000cc6f300000,0x000000cc6f400000)]
  0x000001f17dfa8800 JavaThread "Unconstrained build operations Thread 69" [_thread_blocked, id=11240, stack(0x000000cc6f400000,0x000000cc6f500000)]
  0x000001f17dfa9000 JavaThread "Unconstrained build operations Thread 70" [_thread_blocked, id=12888, stack(0x000000cc6f500000,0x000000cc6f600000)]
  0x000001f17dfaa000 JavaThread "Unconstrained build operations Thread 71" [_thread_blocked, id=6332, stack(0x000000cc6f600000,0x000000cc6f700000)]
  0x000001f17dfa6000 JavaThread "Unconstrained build operations Thread 72" [_thread_blocked, id=5860, stack(0x000000cc6f700000,0x000000cc6f800000)]
  0x000001f17dfab800 JavaThread "Unconstrained build operations Thread 73" [_thread_blocked, id=6516, stack(0x000000cc6f800000,0x000000cc6f900000)]
  0x000001f17dfad800 JavaThread "Unconstrained build operations Thread 74" [_thread_blocked, id=7012, stack(0x000000cc6f900000,0x000000cc6fa00000)]
  0x000001f17dfaf000 JavaThread "Unconstrained build operations Thread 75" [_thread_blocked, id=9224, stack(0x000000cc6fa00000,0x000000cc6fb00000)]
  0x000001f17dfb0800 JavaThread "Unconstrained build operations Thread 76" [_thread_blocked, id=6652, stack(0x000000cc6fb00000,0x000000cc6fc00000)]
  0x000001f17dfae000 JavaThread "Unconstrained build operations Thread 77" [_thread_blocked, id=13032, stack(0x000000cc6fc00000,0x000000cc6fd00000)]
  0x000001f17dfab000 JavaThread "Unconstrained build operations Thread 78" [_thread_blocked, id=10724, stack(0x000000cc6fd00000,0x000000cc6fe00000)]
  0x000001f17dfb1800 JavaThread "Unconstrained build operations Thread 79" [_thread_blocked, id=6460, stack(0x000000cc6fe00000,0x000000cc6ff00000)]
  0x000001f17dfb0000 JavaThread "Unconstrained build operations Thread 80" [_thread_blocked, id=3088, stack(0x000000cc6ff00000,0x000000cc70000000)]
  0x000001f17dfac800 JavaThread "Memory manager" [_thread_blocked, id=11508, stack(0x000000cc70000000,0x000000cc70100000)]
  0x000001f10f4a5000 JavaThread "pool-3-thread-1" [_thread_blocked, id=13028, stack(0x000000cc70100000,0x000000cc70200000)]
  0x000001f10f4a4800 JavaThread "included builds" [_thread_blocked, id=14388, stack(0x000000cc6ac00000,0x000000cc6ad00000)]
  0x000001f10f4a3800 JavaThread "Cache worker for execution history cache (C:\Users\Admin\Desktop\mobile\ass2\ass2\simple_calculater\.gradle\7.4\executionHistory)" [_thread_blocked, id=14728, stack(0x000000cc70900000,0x000000cc70a00000)]
  0x000001f10ff3f000 JavaThread "C2 CompilerThread1" daemon [_thread_in_native, id=14748, stack(0x000000cc69c00000,0x000000cc69d00000)]
  0x000001f10ff41800 JavaThread "C2 CompilerThread2" daemon [_thread_blocked, id=2624, stack(0x000000cc70200000,0x000000cc70300000)]

Other Threads:
=>0x000001f17dc83800 VMThread "VM Thread" [stack: 0x000000cc67c00000,0x000000cc67d00000] [id=11176]
  0x000001f17de8a800 WatcherThread [stack: 0x000000cc68600000,0x000000cc68700000] [id=12940]
  0x000001f171fe7000 GCTaskThread "GC Thread#0" [stack: 0x000000cc67700000,0x000000cc67800000] [id=14832]
  0x000001f17e767000 GCTaskThread "GC Thread#1" [stack: 0x000000cc68800000,0x000000cc68900000] [id=5536]
  0x000001f17e45f800 GCTaskThread "GC Thread#2" [stack: 0x000000cc68900000,0x000000cc68a00000] [id=8300]
  0x000001f17f289800 GCTaskThread "GC Thread#3" [stack: 0x000000cc69300000,0x000000cc69400000] [id=14544]
  0x000001f17f28e800 GCTaskThread "GC Thread#4" [stack: 0x000000cc69400000,0x000000cc69500000] [id=7360]
  0x000001f17f4af800 GCTaskThread "GC Thread#5" [stack: 0x000000cc69500000,0x000000cc69600000] [id=2860]
  0x000001f10f30d800 GCTaskThread "GC Thread#6" [stack: 0x000000cc69600000,0x000000cc69700000] [id=15220]
  0x000001f17f2cd000 GCTaskThread "GC Thread#7" [stack: 0x000000cc69700000,0x000000cc69800000] [id=1184]
  0x000001f17201d000 ConcurrentGCThread "G1 Main Marker" [stack: 0x000000cc67800000,0x000000cc67900000] [id=5624]
  0x000001f17201e000 ConcurrentGCThread "G1 Conc#0" [stack: 0x000000cc67900000,0x000000cc67a00000] [id=3296]
  0x000001f110350800 ConcurrentGCThread "G1 Conc#1" [stack: 0x000000cc69a00000,0x000000cc69b00000] [id=13836]
  0x000001f17208e000 ConcurrentGCThread "G1 Refine#0" [stack: 0x000000cc67a00000,0x000000cc67b00000] [id=8088]
  0x000001f17d2b0800 ConcurrentGCThread "G1 Young RemSet Sampling" [stack: 0x000000cc67b00000,0x000000cc67c00000] [id=14808]

Threads with active compile tasks:
C2 CompilerThread0  23880 9831  s    4       jdk.internal.loader.Resource::cachedInputStream (20 bytes)
C2 CompilerThread1  23880 9791  s!   4       jdk.internal.loader.URLClassPath::getLoader (194 bytes)

VM state:at safepoint (normal execution)

VM Mutex/Monitor currently owned by a thread:  ([mutex/lock_event])
[0x000001f171fcbf10] Threads_lock - owner thread: 0x000001f17dc83800
[0x000001f171fca920] Heap_lock - owner thread: 0x000001f1108c2800

Heap address: 0x0000000080000000, size: 2048 MB, Compressed Oops mode: 32-bit
Narrow klass base: 0x0000000000000000, Narrow klass shift: 3
Compressed class space size: 1073741824 Address: 0x0000000100000000

Heap:
 garbage-first heap   total 273408K, used 146708K [0x0000000080000000, 0x0000000100000000)
  region size 1024K, 7 young (7168K), 7 survivors (7168K)
 Metaspace       used 98483K, capacity 100841K, committed 100912K, reserved 1136640K
  class space    used 12537K, capacity 13433K, committed 13440K, reserved 1048576K
Heap Regions: E=young(eden), S=young(survivor), O=old, HS=humongous(starts), HC=humongous(continues), CS=collection set, F=free, A=archive, TAMS=top-at-mark-start (previous, next)
|   0|0x0000000080000000, 0x0000000080100000, 0x0000000080100000|100%| O|  |TAMS 0x0000000080100000, 0x0000000080000000| Untracked 
|   1|0x0000000080100000, 0x0000000080200000, 0x0000000080200000|100%| O|  |TAMS 0x0000000080200000, 0x0000000080100000| Untracked 
|   2|0x0000000080200000, 0x0000000080300000, 0x0000000080300000|100%| O|  |TAMS 0x0000000080300000, 0x0000000080200000| Untracked 
|   3|0x0000000080300000, 0x0000000080400000, 0x0000000080400000|100%|HS|  |TAMS 0x0000000080400000, 0x0000000080300000| Complete 
|   4|0x0000000080400000, 0x0000000080500000, 0x0000000080500000|100%|HC|  |TAMS 0x0000000080500000, 0x0000000080400000| Complete 
|   5|0x0000000080500000, 0x0000000080600000, 0x0000000080600000|100%|HC|  |TAMS 0x0000000080600000, 0x0000000080500000| Complete 
|   6|0x0000000080600000, 0x0000000080700000, 0x0000000080700000|100%| O|  |TAMS 0x0000000080700000, 0x0000000080600000| Untracked 
|   7|0x0000000080700000, 0x0000000080800000, 0x0000000080800000|100%| O|  |TAMS 0x0000000080800000, 0x0000000080700000| Untracked 
|   8|0x0000000080800000, 0x0000000080900000, 0x0000000080900000|100%| O|  |TAMS 0x0000000080900000, 0x0000000080800000| Untracked 
|   9|0x0000000080900000, 0x0000000080a00000, 0x0000000080a00000|100%| O|  |TAMS 0x0000000080a00000, 0x0000000080900000| Untracked 
|  10|0x0000000080a00000, 0x0000000080b00000, 0x0000000080b00000|100%| O|  |TAMS 0x0000000080b00000, 0x0000000080a00000| Untracked 
|  11|0x0000000080b00000, 0x0000000080c00000, 0x0000000080c00000|100%| O|  |TAMS 0x0000000080c00000, 0x0000000080b00000| Untracked 
|  12|0x0000000080c00000, 0x0000000080d00000, 0x0000000080d00000|100%| O|  |TAMS 0x0000000080d00000, 0x0000000080c00000| Untracked 
|  13|0x0000000080d00000, 0x0000000080e00000, 0x0000000080e00000|100%| O|  |TAMS 0x0000000080e00000, 0x0000000080d00000| Untracked 
|  14|0x0000000080e00000, 0x0000000080f00000, 0x0000000080f00000|100%| O|  |TAMS 0x0000000080f00000, 0x0000000080e00000| Untracked 
|  15|0x0000000080f00000, 0x0000000081000000, 0x0000000081000000|100%| O|  |TAMS 0x0000000081000000, 0x0000000080f00000| Untracked 
|  16|0x0000000081000000, 0x0000000081100000, 0x0000000081100000|100%|HS|  |TAMS 0x0000000081100000, 0x0000000081000000| Complete 
|  17|0x0000000081100000, 0x0000000081200000, 0x0000000081200000|100%|HC|  |TAMS 0x0000000081200000, 0x0000000081100000| Complete 
|  18|0x0000000081200000, 0x0000000081300000, 0x0000000081300000|100%|HS|  |TAMS 0x0000000081300000, 0x0000000081200000| Complete 
|  19|0x0000000081300000, 0x0000000081400000, 0x0000000081400000|100%|HC|  |TAMS 0x0000000081400000, 0x0000000081300000| Complete 
|  20|0x0000000081400000, 0x0000000081500000, 0x0000000081500000|100%|HC|  |TAMS 0x0000000081500000, 0x0000000081400000| Complete 
|  21|0x0000000081500000, 0x0000000081600000, 0x0000000081600000|100%|HS|  |TAMS 0x0000000081600000, 0x0000000081500000| Complete 
|  22|0x0000000081600000, 0x0000000081700000, 0x0000000081700000|100%|HC|  |TAMS 0x0000000081700000, 0x0000000081600000| Complete 
|  23|0x0000000081700000, 0x0000000081800000, 0x0000000081800000|100%|HC|  |TAMS 0x0000000081800000, 0x0000000081700000| Complete 
|  24|0x0000000081800000, 0x0000000081900000, 0x0000000081900000|100%|HS|  |TAMS 0x0000000081900000, 0x0000000081800000| Complete 
|  25|0x0000000081900000, 0x0000000081a00000, 0x0000000081a00000|100%|HC|  |TAMS 0x0000000081a00000, 0x0000000081900000| Complete 
|  26|0x0000000081a00000, 0x0000000081b00000, 0x0000000081b00000|100%|HC|  |TAMS 0x0000000081b00000, 0x0000000081a00000| Complete 
|  27|0x0000000081b00000, 0x0000000081c00000, 0x0000000081c00000|100%|HC|  |TAMS 0x0000000081c00000, 0x0000000081b00000| Complete 
|  28|0x0000000081c00000, 0x0000000081d00000, 0x0000000081d00000|100%|HC|  |TAMS 0x0000000081d00000, 0x0000000081c00000| Complete 
|  29|0x0000000081d00000, 0x0000000081e00000, 0x0000000081e00000|100%|HS|  |TAMS 0x0000000081e00000, 0x0000000081d00000| Complete 
|  30|0x0000000081e00000, 0x0000000081f00000, 0x0000000081f00000|100%|HS|  |TAMS 0x0000000081f00000, 0x0000000081e00000| Complete 
|  31|0x0000000081f00000, 0x0000000082000000, 0x0000000082000000|100%|HC|  |TAMS 0x0000000082000000, 0x0000000081f00000| Complete 
|  32|0x0000000082000000, 0x0000000082100000, 0x0000000082100000|100%|HC|  |TAMS 0x0000000082100000, 0x0000000082000000| Complete 
|  33|0x0000000082100000, 0x0000000082200000, 0x0000000082200000|100%|HC|  |TAMS 0x0000000082200000, 0x0000000082100000| Complete 
|  34|0x0000000082200000, 0x0000000082300000, 0x0000000082300000|100%| O|  |TAMS 0x0000000082300000, 0x0000000082200000| Untracked 
|  35|0x0000000082300000, 0x0000000082400000, 0x0000000082400000|100%| O|  |TAMS 0x0000000082400000, 0x0000000082300000| Untracked 
|  36|0x0000000082400000, 0x0000000082500000, 0x0000000082500000|100%| O|  |TAMS 0x0000000082500000, 0x0000000082400000| Untracked 
|  37|0x0000000082500000, 0x0000000082600000, 0x0000000082600000|100%| O|  |TAMS 0x0000000082600000, 0x0000000082500000| Untracked 
|  38|0x0000000082600000, 0x0000000082700000, 0x0000000082700000|100%| O|  |TAMS 0x0000000082700000, 0x0000000082600000| Untracked 
|  39|0x0000000082700000, 0x0000000082800000, 0x0000000082800000|100%| O|  |TAMS 0x0000000082800000, 0x0000000082700000| Untracked 
|  40|0x0000000082800000, 0x0000000082900000, 0x0000000082900000|100%| O|  |TAMS 0x0000000082900000, 0x0000000082800000| Untracked 
|  41|0x0000000082900000, 0x0000000082a00000, 0x0000000082a00000|100%| O|  |TAMS 0x0000000082a00000, 0x0000000082900000| Untracked 
|  42|0x0000000082a00000, 0x0000000082b00000, 0x0000000082b00000|100%| O|  |TAMS 0x0000000082b00000, 0x0000000082a00000| Untracked 
|  43|0x0000000082b00000, 0x0000000082c00000, 0x0000000082c00000|100%| O|  |TAMS 0x0000000082c00000, 0x0000000082b00000| Untracked 
|  44|0x0000000082c00000, 0x0000000082d00000, 0x0000000082d00000|100%|HS|  |TAMS 0x0000000082d00000, 0x0000000082c00000| Complete 
|  45|0x0000000082d00000, 0x0000000082e00000, 0x0000000082e00000|100%|HC|  |TAMS 0x0000000082e00000, 0x0000000082d00000| Complete 
|  46|0x0000000082e00000, 0x0000000082f00000, 0x0000000082f00000|100%|HC|  |TAMS 0x0000000082f00000, 0x0000000082e00000| Complete 
|  47|0x0000000082f00000, 0x0000000083000000, 0x0000000083000000|100%| O|  |TAMS 0x0000000083000000, 0x0000000082f00000| Untracked 
|  48|0x0000000083000000, 0x0000000083100000, 0x0000000083100000|100%| O|  |TAMS 0x0000000083100000, 0x0000000083000000| Untracked 
|  49|0x0000000083100000, 0x0000000083200000, 0x0000000083200000|100%| O|  |TAMS 0x0000000083200000, 0x0000000083100000| Untracked 
|  50|0x0000000083200000, 0x0000000083300000, 0x0000000083300000|100%| O|  |TAMS 0x0000000083300000, 0x0000000083200000| Untracked 
|  51|0x0000000083300000, 0x0000000083400000, 0x0000000083400000|100%| O|  |TAMS 0x0000000083400000, 0x0000000083300000| Untracked 
|  52|0x0000000083400000, 0x0000000083500000, 0x0000000083500000|100%|HS|  |TAMS 0x0000000083500000, 0x0000000083400000| Complete 
|  53|0x0000000083500000, 0x0000000083600000, 0x0000000083600000|100%|HC|  |TAMS 0x0000000083600000, 0x0000000083500000| Complete 
|  54|0x0000000083600000, 0x0000000083700000, 0x0000000083700000|100%|HC|  |TAMS 0x0000000083700000, 0x0000000083600000| Complete 
|  55|0x0000000083700000, 0x0000000083800000, 0x0000000083800000|100%|HC|  |TAMS 0x0000000083800000, 0x0000000083700000| Complete 
|  56|0x0000000083800000, 0x0000000083900000, 0x0000000083900000|100%|HS|  |TAMS 0x0000000083900000, 0x0000000083800000| Complete 
|  57|0x0000000083900000, 0x0000000083a00000, 0x0000000083a00000|100%|HC|  |TAMS 0x0000000083a00000, 0x0000000083900000| Complete 
|  58|0x0000000083a00000, 0x0000000083b00000, 0x0000000083b00000|100%|HS|  |TAMS 0x0000000083b00000, 0x0000000083a00000| Complete 
|  59|0x0000000083b00000, 0x0000000083c00000, 0x0000000083c00000|100%|HC|  |TAMS 0x0000000083c00000, 0x0000000083b00000| Complete 
|  60|0x0000000083c00000, 0x0000000083d00000, 0x0000000083d00000|100%|HC|  |TAMS 0x0000000083d00000, 0x0000000083c00000| Complete 
|  61|0x0000000083d00000, 0x0000000083e00000, 0x0000000083e00000|100%| O|  |TAMS 0x0000000083e00000, 0x0000000083d00000| Untracked 
|  62|0x0000000083e00000, 0x0000000083f00000, 0x0000000083f00000|100%| O|  |TAMS 0x0000000083f00000, 0x0000000083e00000| Untracked 
|  63|0x0000000083f00000, 0x0000000084000000, 0x0000000084000000|100%| O|  |TAMS 0x0000000084000000, 0x0000000083f00000| Untracked 
|  64|0x0000000084000000, 0x0000000084100000, 0x0000000084100000|100%| O|  |TAMS 0x0000000084100000, 0x0000000084000000| Untracked 
|  65|0x0000000084100000, 0x0000000084200000, 0x0000000084200000|100%| O|  |TAMS 0x0000000084200000, 0x0000000084100000| Untracked 
|  66|0x0000000084200000, 0x0000000084300000, 0x0000000084300000|100%| O|  |TAMS 0x0000000084300000, 0x0000000084200000| Untracked 
|  67|0x0000000084300000, 0x0000000084400000, 0x0000000084400000|100%| O|  |TAMS 0x0000000084400000, 0x0000000084300000| Untracked 
|  68|0x0000000084400000, 0x0000000084500000, 0x0000000084500000|100%| O|  |TAMS 0x0000000084500000, 0x0000000084400000| Untracked 
|  69|0x0000000084500000, 0x0000000084600000, 0x0000000084600000|100%|HS|  |TAMS 0x0000000084600000, 0x0000000084500000| Complete 
|  70|0x0000000084600000, 0x0000000084700000, 0x0000000084700000|100%|HC|  |TAMS 0x0000000084700000, 0x0000000084600000| Complete 
|  71|0x0000000084700000, 0x0000000084800000, 0x0000000084800000|100%|HC|  |TAMS 0x0000000084800000, 0x0000000084700000| Complete 
|  72|0x0000000084800000, 0x0000000084900000, 0x0000000084900000|100%|HC|  |TAMS 0x0000000084900000, 0x0000000084800000| Complete 
|  73|0x0000000084900000, 0x0000000084a00000, 0x0000000084a00000|100%|HC|  |TAMS 0x0000000084a00000, 0x0000000084900000| Complete 
|  74|0x0000000084a00000, 0x0000000084b00000, 0x0000000084b00000|100%| O|  |TAMS 0x0000000084b00000, 0x0000000084a00000| Untracked 
|  75|0x0000000084b00000, 0x0000000084c00000, 0x0000000084c00000|100%| O|  |TAMS 0x0000000084c00000, 0x0000000084b00000| Untracked 
|  76|0x0000000084c00000, 0x0000000084d00000, 0x0000000084d00000|100%| O|  |TAMS 0x0000000084d00000, 0x0000000084c00000| Untracked 
|  77|0x0000000084d00000, 0x0000000084e00000, 0x0000000084e00000|100%|HS|  |TAMS 0x0000000084e00000, 0x0000000084d00000| Complete 
|  78|0x0000000084e00000, 0x0000000084f00000, 0x0000000084f00000|100%|HS|  |TAMS 0x0000000084f00000, 0x0000000084e00000| Complete 
|  79|0x0000000084f00000, 0x0000000085000000, 0x0000000085000000|100%| O|  |TAMS 0x0000000085000000, 0x0000000084f00000| Untracked 
|  80|0x0000000085000000, 0x0000000085100000, 0x0000000085100000|100%| O|  |TAMS 0x0000000085100000, 0x0000000085000000| Untracked 
|  81|0x0000000085100000, 0x0000000085200000, 0x0000000085200000|100%| O|  |TAMS 0x0000000085200000, 0x0000000085100000| Untracked 
|  82|0x0000000085200000, 0x0000000085300000, 0x0000000085300000|100%| O|  |TAMS 0x0000000085300000, 0x0000000085200000| Untracked 
|  83|0x0000000085300000, 0x0000000085400000, 0x0000000085400000|100%| O|  |TAMS 0x0000000085400000, 0x0000000085300000| Untracked 
|  84|0x0000000085400000, 0x0000000085500000, 0x0000000085500000|100%| O|  |TAMS 0x0000000085500000, 0x0000000085400000| Untracked 
|  85|0x0000000085500000, 0x0000000085600000, 0x0000000085600000|100%|HS|  |TAMS 0x0000000085600000, 0x0000000085500000| Complete 
|  86|0x0000000085600000, 0x0000000085700000, 0x0000000085700000|100%|HC|  |TAMS 0x0000000085700000, 0x0000000085600000| Complete 
|  87|0x0000000085700000, 0x0000000085800000, 0x0000000085800000|100%| O|  |TAMS 0x0000000085800000, 0x0000000085700000| Untracked 
|  88|0x0000000085800000, 0x0000000085900000, 0x0000000085900000|100%| O|  |TAMS 0x0000000085900000, 0x0000000085800000| Untracked 
|  89|0x0000000085900000, 0x0000000085a00000, 0x0000000085a00000|100%| O|  |TAMS 0x0000000085a00000, 0x0000000085900000| Untracked 
|  90|0x0000000085a00000, 0x0000000085b00000, 0x0000000085b00000|100%| O|  |TAMS 0x0000000085b00000, 0x0000000085a00000| Untracked 
|  91|0x0000000085b00000, 0x0000000085c00000, 0x0000000085c00000|100%| O|  |TAMS 0x0000000085c00000, 0x0000000085b00000| Untracked 
|  92|0x0000000085c00000, 0x0000000085d00000, 0x0000000085d00000|100%| O|  |TAMS 0x0000000085d00000, 0x0000000085c00000| Untracked 
|  93|0x0000000085d00000, 0x0000000085e00000, 0x0000000085e00000|100%| O|  |TAMS 0x0000000085e00000, 0x0000000085d00000| Untracked 
|  94|0x0000000085e00000, 0x0000000085f00000, 0x0000000085f00000|100%| O|  |TAMS 0x0000000085f00000, 0x0000000085e00000| Untracked 
|  95|0x0000000085f00000, 0x0000000086000000, 0x0000000086000000|100%| O|  |TAMS 0x0000000086000000, 0x0000000085f00000| Untracked 
|  96|0x0000000086000000, 0x0000000086100000, 0x0000000086100000|100%| O|  |TAMS 0x0000000086100000, 0x0000000086000000| Untracked 
|  97|0x0000000086100000, 0x0000000086200000, 0x0000000086200000|100%| O|  |TAMS 0x0000000086200000, 0x0000000086100000| Untracked 
|  98|0x0000000086200000, 0x0000000086300000, 0x0000000086300000|100%| O|  |TAMS 0x0000000086300000, 0x0000000086200000| Untracked 
|  99|0x0000000086300000, 0x0000000086400000, 0x0000000086400000|100%| O|  |TAMS 0x0000000086400000, 0x0000000086300000| Untracked 
| 100|0x0000000086400000, 0x0000000086500000, 0x0000000086500000|100%| O|  |TAMS 0x0000000086500000, 0x0000000086400000| Untracked 
| 101|0x0000000086500000, 0x0000000086600000, 0x0000000086600000|100%|HS|  |TAMS 0x0000000086600000, 0x0000000086500000| Complete 
| 102|0x0000000086600000, 0x0000000086700000, 0x0000000086700000|100%|HC|  |TAMS 0x0000000086700000, 0x0000000086600000| Complete 
| 103|0x0000000086700000, 0x0000000086800000, 0x0000000086800000|100%|HS|  |TAMS 0x0000000086800000, 0x0000000086700000| Complete 
| 104|0x0000000086800000, 0x0000000086900000, 0x0000000086900000|100%|HC|  |TAMS 0x0000000086900000, 0x0000000086800000| Complete 
| 105|0x0000000086900000, 0x0000000086a00000, 0x0000000086a00000|100%|HC|  |TAMS 0x0000000086a00000, 0x0000000086900000| Complete 
| 106|0x0000000086a00000, 0x0000000086b00000, 0x0000000086b00000|100%|HS|  |TAMS 0x0000000086b00000, 0x0000000086a00000| Complete 
| 107|0x0000000086b00000, 0x0000000086c00000, 0x0000000086c00000|100%|HC|  |TAMS 0x0000000086c00000, 0x0000000086b00000| Complete 
| 108|0x0000000086c00000, 0x0000000086d00000, 0x0000000086d00000|100%|HC|  |TAMS 0x0000000086d00000, 0x0000000086c00000| Complete 
| 109|0x0000000086d00000, 0x0000000086e00000, 0x0000000086e00000|100%|HS|  |TAMS 0x0000000086e00000, 0x0000000086d00000| Complete 
| 110|0x0000000086e00000, 0x0000000086f00000, 0x0000000086f00000|100%|HC|  |TAMS 0x0000000086f00000, 0x0000000086e00000| Complete 
| 111|0x0000000086f00000, 0x0000000087000000, 0x0000000087000000|100%|HC|  |TAMS 0x0000000087000000, 0x0000000086f00000| Complete 
| 112|0x0000000087000000, 0x0000000087100000, 0x0000000087100000|100%|HC|  |TAMS 0x0000000087100000, 0x0000000087000000| Complete 
| 113|0x0000000087100000, 0x0000000087200000, 0x0000000087200000|100%|HC|  |TAMS 0x0000000087200000, 0x0000000087100000| Complete 
| 114|0x0000000087200000, 0x0000000087300000, 0x0000000087300000|100%|HS|  |TAMS 0x0000000087300000, 0x0000000087200000| Complete 
| 115|0x0000000087300000, 0x0000000087400000, 0x0000000087400000|100%|HS|  |TAMS 0x0000000087400000, 0x0000000087300000| Complete 
| 116|0x0000000087400000, 0x0000000087500000, 0x0000000087500000|100%|HC|  |TAMS 0x0000000087500000, 0x0000000087400000| Complete 
| 117|0x0000000087500000, 0x0000000087600000, 0x0000000087600000|100%|HC|  |TAMS 0x0000000087600000, 0x0000000087500000| Complete 
| 118|0x0000000087600000, 0x0000000087700000, 0x0000000087700000|100%|HC|  |TAMS 0x0000000087700000, 0x0000000087600000| Complete 
| 119|0x0000000087700000, 0x0000000087800000, 0x0000000087800000|100%| O|  |TAMS 0x0000000087800000, 0x0000000087700000| Untracked 
| 120|0x0000000087800000, 0x0000000087900000, 0x0000000087900000|100%| O|  |TAMS 0x0000000087900000, 0x0000000087800000| Untracked 
| 121|0x0000000087900000, 0x0000000087a00000, 0x0000000087a00000|100%| O|  |TAMS 0x0000000087a00000, 0x0000000087900000| Untracked 
| 122|0x0000000087a00000, 0x0000000087b00000, 0x0000000087b00000|100%| O|  |TAMS 0x0000000087b00000, 0x0000000087a00000| Untracked 
| 123|0x0000000087b00000, 0x0000000087c00000, 0x0000000087c00000|100%| O|  |TAMS 0x0000000087c00000, 0x0000000087b00000| Untracked 
| 124|0x0000000087c00000, 0x0000000087d00000, 0x0000000087d00000|100%| O|  |TAMS 0x0000000087d00000, 0x0000000087c00000| Untracked 
| 125|0x0000000087d00000, 0x0000000087e00000, 0x0000000087e00000|100%| O|  |TAMS 0x0000000087e00000, 0x0000000087d00000| Untracked 
| 126|0x0000000087e00000, 0x0000000087f00000, 0x0000000087f00000|100%| O|  |TAMS 0x0000000087f00000, 0x0000000087e00000| Untracked 
| 127|0x0000000087f00000, 0x0000000088000000, 0x0000000088000000|100%| O|  |TAMS 0x0000000088000000, 0x0000000087f00000| Untracked 
| 128|0x0000000088000000, 0x0000000088100000, 0x0000000088100000|100%| O|  |TAMS 0x0000000088100000, 0x0000000088000000| Untracked 
| 129|0x0000000088100000, 0x0000000088200000, 0x0000000088200000|100%| O|  |TAMS 0x0000000088200000, 0x0000000088100000| Untracked 
| 130|0x0000000088200000, 0x0000000088300000, 0x0000000088300000|100%| O|  |TAMS 0x0000000088300000, 0x0000000088200000| Untracked 
| 131|0x0000000088300000, 0x0000000088400000, 0x0000000088400000|100%| O|  |TAMS 0x0000000088400000, 0x0000000088300000| Untracked 
| 132|0x0000000088400000, 0x0000000088500000, 0x0000000088500000|100%| O|  |TAMS 0x0000000088500000, 0x0000000088400000| Untracked 
| 133|0x0000000088500000, 0x0000000088600000, 0x0000000088600000|100%| O|  |TAMS 0x0000000088515e00, 0x0000000088500000| Untracked 
| 134|0x0000000088600000, 0x0000000088700000, 0x0000000088700000|100%| O|  |TAMS 0x0000000088600000, 0x0000000088600000| Untracked 
| 135|0x0000000088700000, 0x0000000088800000, 0x0000000088800000|100%| O|  |TAMS 0x0000000088700000, 0x0000000088700000| Untracked 
| 136|0x0000000088800000, 0x0000000088845000, 0x0000000088900000| 26%| O|  |TAMS 0x0000000088800000, 0x0000000088800000| Untracked 
| 137|0x0000000088900000, 0x0000000088900000, 0x0000000088a00000|  0%| F|  |TAMS 0x0000000088900000, 0x0000000088900000| Untracked 
| 138|0x0000000088a00000, 0x0000000088a00000, 0x0000000088b00000|  0%| F|  |TAMS 0x0000000088a00000, 0x0000000088a00000| Untracked 
| 139|0x0000000088b00000, 0x0000000088b00000, 0x0000000088c00000|  0%| F|  |TAMS 0x0000000088b00000, 0x0000000088b00000| Untracked 
| 140|0x0000000088c00000, 0x0000000088c00000, 0x0000000088d00000|  0%| F|  |TAMS 0x0000000088c00000, 0x0000000088c00000| Untracked 
| 141|0x0000000088d00000, 0x0000000088d00000, 0x0000000088e00000|  0%| F|  |TAMS 0x0000000088d00000, 0x0000000088d00000| Untracked 
| 142|0x0000000088e00000, 0x0000000088e00000, 0x0000000088f00000|  0%| F|  |TAMS 0x0000000088e00000, 0x0000000088e00000| Untracked 
| 143|0x0000000088f00000, 0x0000000088f00000, 0x0000000089000000|  0%| F|  |TAMS 0x0000000088f00000, 0x0000000088f00000| Untracked 
| 144|0x0000000089000000, 0x0000000089000000, 0x0000000089100000|  0%| F|  |TAMS 0x0000000089000000, 0x0000000089000000| Untracked 
| 145|0x0000000089100000, 0x0000000089100000, 0x0000000089200000|  0%| F|  |TAMS 0x0000000089100000, 0x0000000089100000| Untracked 
| 146|0x0000000089200000, 0x0000000089200000, 0x0000000089300000|  0%| F|  |TAMS 0x0000000089200000, 0x0000000089200000| Untracked 
| 147|0x0000000089300000, 0x0000000089300000, 0x0000000089400000|  0%| F|  |TAMS 0x0000000089300000, 0x0000000089300000| Untracked 
| 148|0x0000000089400000, 0x0000000089400000, 0x0000000089500000|  0%| F|  |TAMS 0x0000000089400000, 0x0000000089400000| Untracked 
| 149|0x0000000089500000, 0x0000000089500000, 0x0000000089600000|  0%| F|  |TAMS 0x0000000089500000, 0x0000000089500000| Untracked 
| 150|0x0000000089600000, 0x0000000089600000, 0x0000000089700000|  0%| F|  |TAMS 0x0000000089600000, 0x0000000089600000| Untracked 
| 151|0x0000000089700000, 0x0000000089700000, 0x0000000089800000|  0%| F|  |TAMS 0x0000000089700000, 0x0000000089700000| Untracked 
| 152|0x0000000089800000, 0x0000000089800000, 0x0000000089900000|  0%| F|  |TAMS 0x0000000089800000, 0x0000000089800000| Untracked 
| 153|0x0000000089900000, 0x0000000089900000, 0x0000000089a00000|  0%| F|  |TAMS 0x0000000089900000, 0x0000000089900000| Untracked 
| 154|0x0000000089a00000, 0x0000000089a00000, 0x0000000089b00000|  0%| F|  |TAMS 0x0000000089a00000, 0x0000000089a00000| Untracked 
| 155|0x0000000089b00000, 0x0000000089b00000, 0x0000000089c00000|  0%| F|  |TAMS 0x0000000089b00000, 0x0000000089b00000| Untracked 
| 156|0x0000000089c00000, 0x0000000089c00000, 0x0000000089d00000|  0%| F|  |TAMS 0x0000000089c00000, 0x0000000089c00000| Untracked 
| 157|0x0000000089d00000, 0x0000000089d00000, 0x0000000089e00000|  0%| F|  |TAMS 0x0000000089d00000, 0x0000000089d00000| Untracked 
| 158|0x0000000089e00000, 0x0000000089e00000, 0x0000000089f00000|  0%| F|  |TAMS 0x0000000089e00000, 0x0000000089e00000| Untracked 
| 159|0x0000000089f00000, 0x0000000089f00000, 0x000000008a000000|  0%| F|  |TAMS 0x0000000089f00000, 0x0000000089f00000| Untracked 
| 160|0x000000008a000000, 0x000000008a000000, 0x000000008a100000|  0%| F|  |TAMS 0x000000008a000000, 0x000000008a000000| Untracked 
| 161|0x000000008a100000, 0x000000008a100000, 0x000000008a200000|  0%| F|  |TAMS 0x000000008a100000, 0x000000008a100000| Untracked 
| 162|0x000000008a200000, 0x000000008a200000, 0x000000008a300000|  0%| F|  |TAMS 0x000000008a200000, 0x000000008a200000| Untracked 
| 163|0x000000008a300000, 0x000000008a300000, 0x000000008a400000|  0%| F|  |TAMS 0x000000008a300000, 0x000000008a300000| Untracked 
| 164|0x000000008a400000, 0x000000008a400000, 0x000000008a500000|  0%| F|  |TAMS 0x000000008a400000, 0x000000008a400000| Untracked 
| 165|0x000000008a500000, 0x000000008a600000, 0x000000008a600000|100%| S|CS|TAMS 0x000000008a500000, 0x000000008a500000| Complete 
| 166|0x000000008a600000, 0x000000008a700000, 0x000000008a700000|100%| S|CS|TAMS 0x000000008a600000, 0x000000008a600000| Complete 
| 167|0x000000008a700000, 0x000000008a800000, 0x000000008a800000|100%| S|CS|TAMS 0x000000008a700000, 0x000000008a700000| Complete 
| 168|0x000000008a800000, 0x000000008a900000, 0x000000008a900000|100%| S|CS|TAMS 0x000000008a800000, 0x000000008a800000| Complete 
| 169|0x000000008a900000, 0x000000008aa00000, 0x000000008aa00000|100%| S|CS|TAMS 0x000000008a900000, 0x000000008a900000| Complete 
| 170|0x000000008aa00000, 0x000000008aa00000, 0x000000008ab00000|  0%| F|  |TAMS 0x000000008aa00000, 0x000000008aa00000| Untracked 
| 171|0x000000008ab00000, 0x000000008ab00000, 0x000000008ac00000|  0%| F|  |TAMS 0x000000008ab00000, 0x000000008ab00000| Untracked 
| 172|0x000000008ac00000, 0x000000008ac00000, 0x000000008ad00000|  0%| F|  |TAMS 0x000000008ac00000, 0x000000008ac00000| Untracked 
| 173|0x000000008ad00000, 0x000000008ae00000, 0x000000008ae00000|100%| S|CS|TAMS 0x000000008ad00000, 0x000000008ad00000| Complete 
| 174|0x000000008ae00000, 0x000000008af00000, 0x000000008af00000|100%| S|CS|TAMS 0x000000008ae00000, 0x000000008ae00000| Complete 
| 175|0x000000008af00000, 0x000000008af00000, 0x000000008b000000|  0%| F|  |TAMS 0x000000008af00000, 0x000000008af00000| Untracked 
| 176|0x000000008b000000, 0x000000008b000000, 0x000000008b100000|  0%| F|  |TAMS 0x000000008b000000, 0x000000008b000000| Untracked 
| 177|0x000000008b100000, 0x000000008b100000, 0x000000008b200000|  0%| F|  |TAMS 0x000000008b100000, 0x000000008b100000| Untracked 
| 178|0x000000008b200000, 0x000000008b200000, 0x000000008b300000|  0%| F|  |TAMS 0x000000008b200000, 0x000000008b200000| Untracked 
| 179|0x000000008b300000, 0x000000008b300000, 0x000000008b400000|  0%| F|  |TAMS 0x000000008b300000, 0x000000008b300000| Untracked 
| 180|0x000000008b400000, 0x000000008b400000, 0x000000008b500000|  0%| F|  |TAMS 0x000000008b400000, 0x000000008b400000| Untracked 
| 181|0x000000008b500000, 0x000000008b500000, 0x000000008b600000|  0%| F|  |TAMS 0x000000008b500000, 0x000000008b500000| Untracked 
| 182|0x000000008b600000, 0x000000008b600000, 0x000000008b700000|  0%| F|  |TAMS 0x000000008b600000, 0x000000008b600000| Untracked 
| 183|0x000000008b700000, 0x000000008b700000, 0x000000008b800000|  0%| F|  |TAMS 0x000000008b700000, 0x000000008b700000| Untracked 
| 184|0x000000008b800000, 0x000000008b800000, 0x000000008b900000|  0%| F|  |TAMS 0x000000008b800000, 0x000000008b800000| Untracked 
| 185|0x000000008b900000, 0x000000008b900000, 0x000000008ba00000|  0%| F|  |TAMS 0x000000008b900000, 0x000000008b900000| Untracked 
| 186|0x000000008ba00000, 0x000000008ba00000, 0x000000008bb00000|  0%| F|  |TAMS 0x000000008ba00000, 0x000000008ba00000| Untracked 
| 187|0x000000008bb00000, 0x000000008bb00000, 0x000000008bc00000|  0%| F|  |TAMS 0x000000008bb00000, 0x000000008bb00000| Untracked 
| 188|0x000000008bc00000, 0x000000008bc00000, 0x000000008bd00000|  0%| F|  |TAMS 0x000000008bc00000, 0x000000008bc00000| Untracked 
| 189|0x000000008bd00000, 0x000000008bd00000, 0x000000008be00000|  0%| F|  |TAMS 0x000000008bd00000, 0x000000008bd00000| Untracked 
| 190|0x000000008be00000, 0x000000008be00000, 0x000000008bf00000|  0%| F|  |TAMS 0x000000008be00000, 0x000000008be00000| Untracked 
| 191|0x000000008bf00000, 0x000000008bf00000, 0x000000008c000000|  0%| F|  |TAMS 0x000000008bf00000, 0x000000008bf00000| Untracked 
| 192|0x000000008c000000, 0x000000008c000000, 0x000000008c100000|  0%| F|  |TAMS 0x000000008c000000, 0x000000008c000000| Untracked 
| 193|0x000000008c100000, 0x000000008c100000, 0x000000008c200000|  0%| F|  |TAMS 0x000000008c100000, 0x000000008c100000| Untracked 
| 194|0x000000008c200000, 0x000000008c200000, 0x000000008c300000|  0%| F|  |TAMS 0x000000008c200000, 0x000000008c200000| Untracked 
| 195|0x000000008c300000, 0x000000008c300000, 0x000000008c400000|  0%| F|  |TAMS 0x000000008c300000, 0x000000008c300000| Untracked 
| 196|0x000000008c400000, 0x000000008c400000, 0x000000008c500000|  0%| F|  |TAMS 0x000000008c400000, 0x000000008c400000| Untracked 
| 197|0x000000008c500000, 0x000000008c500000, 0x000000008c600000|  0%| F|  |TAMS 0x000000008c500000, 0x000000008c500000| Untracked 
| 198|0x000000008c600000, 0x000000008c600000, 0x000000008c700000|  0%| F|  |TAMS 0x000000008c600000, 0x000000008c600000| Untracked 
| 199|0x000000008c700000, 0x000000008c700000, 0x000000008c800000|  0%| F|  |TAMS 0x000000008c700000, 0x000000008c700000| Untracked 
| 200|0x000000008c800000, 0x000000008c800000, 0x000000008c900000|  0%| F|  |TAMS 0x000000008c800000, 0x000000008c800000| Untracked 
| 201|0x000000008c900000, 0x000000008c900000, 0x000000008ca00000|  0%| F|  |TAMS 0x000000008c900000, 0x000000008c900000| Untracked 
| 202|0x000000008ca00000, 0x000000008ca00000, 0x000000008cb00000|  0%| F|  |TAMS 0x000000008ca00000, 0x000000008ca00000| Untracked 
| 203|0x000000008cb00000, 0x000000008cb00000, 0x000000008cc00000|  0%| F|  |TAMS 0x000000008cb00000, 0x000000008cb00000| Untracked 
| 204|0x000000008cc00000, 0x000000008cc00000, 0x000000008cd00000|  0%| F|  |TAMS 0x000000008cc00000, 0x000000008cc00000| Untracked 
| 205|0x000000008cd00000, 0x000000008cd00000, 0x000000008ce00000|  0%| F|  |TAMS 0x000000008cd00000, 0x000000008cd00000| Untracked 
| 206|0x000000008ce00000, 0x000000008ce00000, 0x000000008cf00000|  0%| F|  |TAMS 0x000000008ce00000, 0x000000008ce00000| Untracked 
| 207|0x000000008cf00000, 0x000000008cf00000, 0x000000008d000000|  0%| F|  |TAMS 0x000000008cf00000, 0x000000008cf00000| Untracked 
| 208|0x000000008d000000, 0x000000008d000000, 0x000000008d100000|  0%| F|  |TAMS 0x000000008d000000, 0x000000008d000000| Untracked 
| 209|0x000000008d100000, 0x000000008d100000, 0x000000008d200000|  0%| F|  |TAMS 0x000000008d100000, 0x000000008d100000| Untracked 
| 210|0x000000008d200000, 0x000000008d200000, 0x000000008d300000|  0%| F|  |TAMS 0x000000008d200000, 0x000000008d200000| Untracked 
| 211|0x000000008d300000, 0x000000008d300000, 0x000000008d400000|  0%| F|  |TAMS 0x000000008d300000, 0x000000008d300000| Untracked 
| 212|0x000000008d400000, 0x000000008d400000, 0x000000008d500000|  0%| F|  |TAMS 0x000000008d400000, 0x000000008d400000| Untracked 
| 213|0x000000008d500000, 0x000000008d500000, 0x000000008d600000|  0%| F|  |TAMS 0x000000008d500000, 0x000000008d500000| Untracked 
| 214|0x000000008d600000, 0x000000008d600000, 0x000000008d700000|  0%| F|  |TAMS 0x000000008d600000, 0x000000008d600000| Untracked 
| 215|0x000000008d700000, 0x000000008d700000, 0x000000008d800000|  0%| F|  |TAMS 0x000000008d700000, 0x000000008d700000| Untracked 
| 216|0x000000008d800000, 0x000000008d800000, 0x000000008d900000|  0%| F|  |TAMS 0x000000008d800000, 0x000000008d800000| Untracked 
| 217|0x000000008d900000, 0x000000008d900000, 0x000000008da00000|  0%| F|  |TAMS 0x000000008d900000, 0x000000008d900000| Untracked 
| 218|0x000000008da00000, 0x000000008da00000, 0x000000008db00000|  0%| F|  |TAMS 0x000000008da00000, 0x000000008da00000| Untracked 
| 219|0x000000008db00000, 0x000000008db00000, 0x000000008dc00000|  0%| F|  |TAMS 0x000000008db00000, 0x000000008db00000| Untracked 
| 220|0x000000008dc00000, 0x000000008dc00000, 0x000000008dd00000|  0%| F|  |TAMS 0x000000008dc00000, 0x000000008dc00000| Untracked 
| 221|0x000000008dd00000, 0x000000008dd00000, 0x000000008de00000|  0%| F|  |TAMS 0x000000008dd00000, 0x000000008dd00000| Untracked 

Card table byte_map: [0x000001f176200000,0x000001f176600000] _byte_map_base: 0x000001f175e00000

Marking Bits (Prev, Next): (CMBitMap*) 0x000001f172014270, (CMBitMap*) 0x000001f172014238
 Prev Bits: [0x000001f178a00000, 0x000001f17aa00000)
 Next Bits: [0x000001f176a00000, 0x000001f178a00000)

Polling page: 0x000001f171790000

Metaspace:

Usage:
  Non-class:     85.36 MB capacity,    83.93 MB ( 98%) used,     1.17 MB (  1%) free+waste,   261.94 KB ( <1%) overhead. 
      Class:     13.12 MB capacity,    12.24 MB ( 93%) used,   775.44 KB (  6%) free+waste,   120.19 KB ( <1%) overhead. 
       Both:     98.48 MB capacity,    96.18 MB ( 98%) used,     1.93 MB (  2%) free+waste,   382.13 KB ( <1%) overhead. 

Virtual space:
  Non-class space:       86.00 MB reserved,      85.42 MB (>99%) committed 
      Class space:        1.00 GB reserved,      13.13 MB (  1%) committed 
             Both:        1.08 GB reserved,      98.55 MB (  9%) committed 

Chunk freelists:
   Non-Class:  0 bytes
       Class:  7.00 KB
        Both:  7.00 KB

MaxMetaspaceSize: 17179869184.00 GB
CompressedClassSpaceSize: 1.00 GB
Initial GC threshold: 20.80 MB
Current GC threshold: 159.66 MB
CDS: off

CodeHeap 'non-profiled nmethods': size=120000Kb used=6369Kb max_used=6369Kb free=113630Kb
 bounds [0x000001f107ad0000, 0x000001f108110000, 0x000001f10f000000]
CodeHeap 'profiled nmethods': size=120000Kb used=21235Kb max_used=21235Kb free=98765Kb
 bounds [0x000001f1005a0000, 0x000001f101a60000, 0x000001f107ad0000]
CodeHeap 'non-nmethods': size=5760Kb used=2412Kb max_used=2475Kb free=3347Kb
 bounds [0x000001f100000000, 0x000001f100280000, 0x000001f1005a0000]
 total_blobs=10693 nmethods=9754 adapters=851
 compilation: enabled
              stopped_count=0, restarted_count=0
 full_count=0

Compilation events (20 events):
Event: 23.641 Thread 0x000001f17d476800 nmethod 9803 0x000001f1080ff110 code [0x000001f1080ff320, 0x000001f108100518]
Event: 23.642 Thread 0x000001f17dcea000 nmethod 9823 0x000001f101a58c10 code [0x000001f101a58dc0, 0x000001f101a58fd8]
Event: 23.642 Thread 0x000001f17dcea000 9822       3       sun.nio.cs.UTF_8$Decoder::isNotContinuation (17 bytes)
Event: 23.642 Thread 0x000001f17d476800 9820       4       java.lang.String::startsWith (138 bytes)
Event: 23.642 Thread 0x000001f17dcea000 nmethod 9822 0x000001f101a59090 code [0x000001f101a59240, 0x000001f101a59378]
Event: 23.650 Thread 0x000001f17d476800 nmethod 9820 0x000001f108100d10 code [0x000001f108100ea0, 0x000001f108101098]
Event: 23.650 Thread 0x000001f17d476800 9829   !   4       java.util.concurrent.ConcurrentHashMap::putVal (432 bytes)
Event: 23.680 Thread 0x000001f17dcea000 9830       2       sun.net.util.URLUtil::urlNoFragString (114 bytes)
Event: 23.683 Thread 0x000001f17dcea000 nmethod 9830 0x000001f101a59410 code [0x000001f101a59680, 0x000001f101a59bd8]
Event: 23.696 Thread 0x000001f17dcea000 9832   !   2       jdk.internal.loader.Resource::getBytes (242 bytes)
Event: 23.700 Thread 0x000001f17dcea000 nmethod 9832 0x000001f101a59f10 code [0x000001f101a5a1a0, 0x000001f101a5af48]
Event: 23.712 Thread 0x000001f17dcea000 9833       3       java.net.URLStreamHandler::setURL (73 bytes)
Event: 23.714 Thread 0x000001f17dcea000 nmethod 9833 0x000001f101a5b710 code [0x000001f101a5b9e0, 0x000001f101a5c718]
Event: 23.743 Thread 0x000001f17d476800 nmethod 9829 0x000001f108101210 code [0x000001f108101480, 0x000001f1081033f0]
Event: 23.744 Thread 0x000001f17d476800 9819       4       java.lang.String::startsWith (7 bytes)
Event: 23.750 Thread 0x000001f17d476800 nmethod 9819 0x000001f108104590 code [0x000001f108104720, 0x000001f1081048d8]
Event: 23.750 Thread 0x000001f17d476800 9834       4       java.lang.String::hashCode (49 bytes)
Event: 23.762 Thread 0x000001f17d476800 nmethod 9834 0x000001f108104a90 code [0x000001f108104c20, 0x000001f108104f78]
Event: 23.762 Thread 0x000001f17d476800 9831  s    4       jdk.internal.loader.Resource::cachedInputStream (20 bytes)
Event: 23.763 Thread 0x000001f10ff41800 nmethod 9818% 0x000001f108105090 code [0x000001f1081052e0, 0x000001f108107748]

GC Heap History (20 events):
Event: 15.412 GC heap after
{Heap after GC invocations=34 (full 0):
 garbage-first heap   total 189440K, used 99824K [0x0000000080000000, 0x0000000100000000)
  region size 1024K, 6 young (6144K), 6 survivors (6144K)
 Metaspace       used 67638K, capacity 69275K, committed 69552K, reserved 1110016K
  class space    used 8536K, capacity 9128K, committed 9216K, reserved 1048576K
}
Event: 16.040 GC heap before
{Heap before GC invocations=35 (full 0):
 garbage-first heap   total 189440K, used 141808K [0x0000000080000000, 0x0000000100000000)
  region size 1024K, 46 young (47104K), 6 survivors (6144K)
 Metaspace       used 68630K, capacity 70396K, committed 70448K, reserved 1110016K
  class space    used 8685K, capacity 9305K, committed 9344K, reserved 1048576K
}
Event: 16.048 GC heap after
{Heap after GC invocations=36 (full 0):
 garbage-first heap   total 189440K, used 102118K [0x0000000080000000, 0x0000000100000000)
  region size 1024K, 5 young (5120K), 5 survivors (5120K)
 Metaspace       used 68630K, capacity 70396K, committed 70448K, reserved 1110016K
  class space    used 8685K, capacity 9305K, committed 9344K, reserved 1048576K
}
Event: 17.027 GC heap before
{Heap before GC invocations=36 (full 0):
 garbage-first heap   total 189440K, used 145126K [0x0000000080000000, 0x0000000100000000)
  region size 1024K, 47 young (48128K), 5 survivors (5120K)
 Metaspace       used 72901K, capacity 74633K, committed 74800K, reserved 1114112K
  class space    used 9380K, capacity 10012K, committed 10112K, reserved 1048576K
}
Event: 17.041 GC heap after
{Heap after GC invocations=37 (full 0):
 garbage-first heap   total 189440K, used 104827K [0x0000000080000000, 0x0000000100000000)
  region size 1024K, 6 young (6144K), 6 survivors (6144K)
 Metaspace       used 72901K, capacity 74633K, committed 74800K, reserved 1114112K
  class space    used 9380K, capacity 10012K, committed 10112K, reserved 1048576K
}
Event: 17.984 GC heap before
{Heap before GC invocations=38 (full 0):
 garbage-first heap   total 189440K, used 145787K [0x0000000080000000, 0x0000000100000000)
  region size 1024K, 48 young (49152K), 6 survivors (6144K)
 Metaspace       used 77354K, capacity 79066K, committed 79280K, reserved 1118208K
  class space    used 9877K, capacity 10493K, committed 10496K, reserved 1048576K
}
Event: 17.996 GC heap after
{Heap after GC invocations=39 (full 0):
 garbage-first heap   total 227328K, used 108996K [0x0000000080000000, 0x0000000100000000)
  region size 1024K, 6 young (6144K), 6 survivors (6144K)
 Metaspace       used 77354K, capacity 79066K, committed 79280K, reserved 1118208K
  class space    used 9877K, capacity 10493K, committed 10496K, reserved 1048576K
}
Event: 18.875 GC heap before
{Heap before GC invocations=40 (full 0):
 garbage-first heap   total 227328K, used 187844K [0x0000000080000000, 0x0000000100000000)
  region size 1024K, 66 young (67584K), 6 survivors (6144K)
 Metaspace       used 80048K, capacity 81995K, committed 82096K, reserved 1120256K
  class space    used 10261K, capacity 10991K, committed 11008K, reserved 1048576K
}
Event: 18.893 GC heap after
{Heap after GC invocations=41 (full 0):
 garbage-first heap   total 227328K, used 134288K [0x0000000080000000, 0x0000000100000000)
  region size 1024K, 9 young (9216K), 9 survivors (9216K)
 Metaspace       used 80048K, capacity 81995K, committed 82096K, reserved 1120256K
  class space    used 10261K, capacity 10991K, committed 11008K, reserved 1048576K
}
Event: 19.441 GC heap before
{Heap before GC invocations=41 (full 0):
 garbage-first heap   total 227328K, used 183440K [0x0000000080000000, 0x0000000100000000)
  region size 1024K, 57 young (58368K), 9 survivors (9216K)
 Metaspace       used 81972K, capacity 84073K, committed 84144K, reserved 1122304K
  class space    used 10498K, capacity 11252K, committed 11264K, reserved 1048576K
}
Event: 19.457 GC heap after
{Heap after GC invocations=42 (full 0):
 garbage-first heap   total 227328K, used 137015K [0x0000000080000000, 0x0000000100000000)
  region size 1024K, 3 young (3072K), 3 survivors (3072K)
 Metaspace       used 81972K, capacity 84073K, committed 84144K, reserved 1122304K
  class space    used 10498K, capacity 11252K, committed 11264K, reserved 1048576K
}
Event: 19.987 GC heap before
{Heap before GC invocations=43 (full 0):
 garbage-first heap   total 227328K, used 185143K [0x0000000080000000, 0x0000000100000000)
  region size 1024K, 50 young (51200K), 3 survivors (3072K)
 Metaspace       used 83893K, capacity 85952K, committed 86192K, reserved 1124352K
  class space    used 10750K, capacity 11514K, committed 11520K, reserved 1048576K
}
Event: 19.993 GC heap after
{Heap after GC invocations=44 (full 0):
 garbage-first heap   total 227328K, used 136939K [0x0000000080000000, 0x0000000100000000)
  region size 1024K, 3 young (3072K), 3 survivors (3072K)
 Metaspace       used 83893K, capacity 85952K, committed 86192K, reserved 1124352K
  class space    used 10750K, capacity 11514K, committed 11520K, reserved 1048576K
}
Event: 20.043 GC heap before
{Heap before GC invocations=44 (full 0):
 garbage-first heap   total 227328K, used 137963K [0x0000000080000000, 0x0000000100000000)
  region size 1024K, 5 young (5120K), 3 survivors (3072K)
 Metaspace       used 84097K, capacity 86144K, committed 86192K, reserved 1124352K
  class space    used 10763K, capacity 11514K, committed 11520K, reserved 1048576K
}
Event: 20.048 GC heap after
{Heap after GC invocations=45 (full 0):
 garbage-first heap   total 227328K, used 137347K [0x0000000080000000, 0x0000000100000000)
  region size 1024K, 3 young (3072K), 3 survivors (3072K)
 Metaspace       used 84097K, capacity 86144K, committed 86192K, reserved 1124352K
  class space    used 10763K, capacity 11514K, committed 11520K, reserved 1048576K
}
Event: 21.436 GC heap before
{Heap before GC invocations=46 (full 0):
 garbage-first heap   total 227328K, used 188547K [0x0000000080000000, 0x0000000100000000)
  region size 1024K, 52 young (53248K), 3 survivors (3072K)
 Metaspace       used 91063K, capacity 93241K, committed 93360K, reserved 1130496K
  class space    used 11626K, capacity 12437K, committed 12544K, reserved 1048576K
}
Event: 21.445 GC heap after
{Heap after GC invocations=47 (full 0):
 garbage-first heap   total 227328K, used 139331K [0x0000000080000000, 0x0000000100000000)
  region size 1024K, 5 young (5120K), 5 survivors (5120K)
 Metaspace       used 91063K, capacity 93241K, committed 93360K, reserved 1130496K
  class space    used 11626K, capacity 12437K, committed 12544K, reserved 1048576K
}
Event: 22.863 GC heap before
{Heap before GC invocations=47 (full 0):
 garbage-first heap   total 227328K, used 189507K [0x0000000080000000, 0x0000000100000000)
  region size 1024K, 54 young (55296K), 5 survivors (5120K)
 Metaspace       used 95526K, capacity 97850K, committed 98096K, reserved 1134592K
  class space    used 12174K, capacity 13065K, committed 13184K, reserved 1048576K
}
Event: 22.882 GC heap after
{Heap after GC invocations=48 (full 0):
 garbage-first heap   total 227328K, used 142892K [0x0000000080000000, 0x0000000100000000)
  region size 1024K, 7 young (7168K), 7 survivors (7168K)
 Metaspace       used 95526K, capacity 97850K, committed 98096K, reserved 1134592K
  class space    used 12174K, capacity 13065K, committed 13184K, reserved 1048576K
}
Event: 23.804 GC heap before
{Heap before GC invocations=49 (full 0):
 garbage-first heap   total 227328K, used 189996K [0x0000000080000000, 0x0000000100000000)
  region size 1024K, 54 young (55296K), 7 survivors (7168K)
 Metaspace       used 98483K, capacity 100841K, committed 100912K, reserved 1136640K
  class space    used 12537K, capacity 13433K, committed 13440K, reserved 1048576K
}

Deoptimization events (20 events):
Event: 23.621 Thread 0x000001f1108c2800 DEOPT PACKING pc=0x000001f101a4271b sp=0x000000cc6b1fc720
Event: 23.622 Thread 0x000001f1108c2800 DEOPT UNPACKING pc=0x000001f10004a95e sp=0x000000cc6b1fbb90 mode 0
Event: 23.623 Thread 0x000001f1108c2800 DEOPT PACKING pc=0x000001f101a4271b sp=0x000000cc6b1fc720
Event: 23.623 Thread 0x000001f1108c2800 DEOPT UNPACKING pc=0x000001f10004a95e sp=0x000000cc6b1fbb90 mode 0
Event: 23.624 Thread 0x000001f1108c2800 Uncommon trap: trap_request=0xffffff4d fr.pc=0x000001f107d036e4 relative=0x00000000000001c4
Event: 23.624 Thread 0x000001f1108c2800 Uncommon trap: reason=unstable_if action=reinterpret pc=0x000001f107d036e4 method=java.lang.String.indexOf(Ljava/lang/String;)I @ 8 c2
Event: 23.624 Thread 0x000001f1108c2800 DEOPT PACKING pc=0x000001f107d036e4 sp=0x000000cc6b1fc8e0
Event: 23.624 Thread 0x000001f1108c2800 DEOPT UNPACKING pc=0x000001f10004a1af sp=0x000000cc6b1fc878 mode 2
Event: 23.625 Thread 0x000001f1108c2800 DEOPT PACKING pc=0x000001f101a4271b sp=0x000000cc6b1fc720
Event: 23.625 Thread 0x000001f1108c2800 DEOPT UNPACKING pc=0x000001f10004a95e sp=0x000000cc6b1fbb90 mode 0
Event: 23.627 Thread 0x000001f1108c2800 DEOPT PACKING pc=0x000001f101a4271b sp=0x000000cc6b1fc720
Event: 23.627 Thread 0x000001f1108c2800 DEOPT UNPACKING pc=0x000001f10004a95e sp=0x000000cc6b1fbb90 mode 0
Event: 23.636 Thread 0x000001f1108c2800 Uncommon trap: trap_request=0xffffff4d fr.pc=0x000001f107ad6a78 relative=0x00000000000001d8
Event: 23.637 Thread 0x000001f1108c2800 Uncommon trap: reason=unstable_if action=reinterpret pc=0x000001f107ad6a78 method=java.lang.String.isLatin1()Z @ 10 c2
Event: 23.637 Thread 0x000001f1108c2800 DEOPT PACKING pc=0x000001f107ad6a78 sp=0x000000cc6b1fc7d0
Event: 23.637 Thread 0x000001f1108c2800 DEOPT UNPACKING pc=0x000001f10004a1af sp=0x000000cc6b1fc6f8 mode 2
Event: 23.643 Thread 0x000001f1108c2800 Uncommon trap: trap_request=0xffffff4d fr.pc=0x000001f107bb0538 relative=0x0000000000001238
Event: 23.644 Thread 0x000001f1108c2800 Uncommon trap: reason=unstable_if action=reinterpret pc=0x000001f107bb0538 method=java.util.concurrent.ConcurrentHashMap.transfer([Ljava/util/concurrent/ConcurrentHashMap$Node;[Ljava/util/concurrent/ConcurrentHashMap$Node;)V @ 352 c2
Event: 23.644 Thread 0x000001f1108c2800 DEOPT PACKING pc=0x000001f107bb0538 sp=0x000000cc6b1fc6b0
Event: 23.644 Thread 0x000001f1108c2800 DEOPT UNPACKING pc=0x000001f10004a1af sp=0x000000cc6b1fc648 mode 2

Classes redefined (0 events):
No events

Internal exceptions (20 events):
Event: 20.301 Thread 0x000001f17f842000 Exception <a 'sun/nio/fs/WindowsException'{0x000000008d5ae130}> (0x000000008d5ae130) thrown at [./src/hotspot/share/prims/jni.cpp, line 616]
Event: 20.448 Thread 0x000001f17f842000 Exception <a 'java/lang/NullPointerException'{0x000000008cb06fc8}> (0x000000008cb06fc8) thrown at [./src/hotspot/share/interpreter/linkResolver.cpp, line 1440]
Event: 20.687 Thread 0x000001f17f842000 Implicit null exception at 0x000001f107eba3eb to 0x000001f107ebbe30
Event: 20.925 Thread 0x000001f17f842000 Exception <a 'java/lang/NoSuchMethodError'{0x000000008bc97860}: 'int java.lang.invoke.DirectMethodHandle$Holder.invokeStatic(java.lang.Object, java.lang.Object, int, java.lang.Object)'> (0x000000008bc97860) thrown at [./src/hotspot/share/interpreter/linkResolver.cpp, line 773]
Event: 21.017 Thread 0x000001f17f842000 Exception <a 'sun/nio/fs/WindowsException'{0x000000008bbc3528}> (0x000000008bbc3528) thrown at [./src/hotspot/share/prims/jni.cpp, line 616]
Event: 21.017 Thread 0x000001f17f842000 Exception <a 'sun/nio/fs/WindowsException'{0x000000008bbc48a0}> (0x000000008bbc48a0) thrown at [./src/hotspot/share/prims/jni.cpp, line 616]
Event: 21.017 Thread 0x000001f17f842000 Exception <a 'sun/nio/fs/WindowsException'{0x000000008bbc5c68}> (0x000000008bbc5c68) thrown at [./src/hotspot/share/prims/jni.cpp, line 616]
Event: 21.018 Thread 0x000001f17f842000 Exception <a 'sun/nio/fs/WindowsException'{0x000000008bbc7030}> (0x000000008bbc7030) thrown at [./src/hotspot/share/prims/jni.cpp, line 616]
Event: 21.255 Thread 0x000001f17f842000 Exception <a 'java/lang/NoSuchMethodError'{0x000000008b09f2f0}: 'int java.lang.invoke.DirectMethodHandle$Holder.invokeSpecialIFC(java.lang.Object, java.lang.Object, java.lang.Object)'> (0x000000008b09f2f0) thrown at [./src/hotspot/share/interpreter/linkResolver.cpp, line 773]
Event: 21.321 Thread 0x000001f17f842000 Exception <a 'java/lang/NoSuchMethodError'{0x000000008ad8dfb0}: 'java.lang.Object java.lang.invoke.Invokers$Holder.linkToTargetMethod(java.lang.Object, java.lang.Object, java.lang.Object, int, java.lang.Object, java.lang.Object)'> (0x000000008ad8dfb0) thrown at [./src/hotspot/share/interpreter/linkResolver.cpp, line 773]
Event: 21.670 Thread 0x000001f17f842000 Exception <a 'java/lang/NoSuchMethodError'{0x000000008d3ae2f0}: 'void java.lang.invoke.DirectMethodHandle$Holder.invokeStatic(java.lang.Object, java.lang.Object, java.lang.Object, java.lang.Object, int, java.lang.Object, java.lang.Object)'> (0x000000008d3ae2f0) thrown at [./src/hotspot/share/interpreter/linkResolver.cpp, line 773]
Event: 21.700 Thread 0x000001f17f842000 Exception <a 'java/lang/IncompatibleClassChangeError'{0x000000008d15bdd0}: Found class java.lang.Object, but interface was expected> (0x000000008d15bdd0) thrown at [./src/hotspot/share/interpreter/linkResolver.cpp, line 839]
Event: 21.960 Thread 0x000001f1108c7800 Exception <a 'java/lang/IncompatibleClassChangeError'{0x000000008cf73358}: Found class java.lang.Object, but interface was expected> (0x000000008cf73358) thrown at [./src/hotspot/share/interpreter/linkResolver.cpp, line 839]
Event: 21.989 Thread 0x000001f1108c7800 Exception <a 'java/lang/NoSuchMethodError'{0x000000008cd32120}: 'int java.lang.invoke.DirectMethodHandle$Holder.invokeStaticInit(java.lang.Object, java.lang.Object, java.lang.Object, java.lang.Object, java.lang.Object)'> (0x000000008cd32120) thrown at [./src/hotspot/share/interpreter/linkResolver.cpp, line 773]
Event: 22.997 Thread 0x000001f1108c4000 Exception <a 'java/lang/NoSuchMethodError'{0x000000008dc505e8}: 'java.lang.Object java.lang.invoke.DirectMethodHandle$Holder.invokeSpecialIFC(java.lang.Object, java.lang.Object, java.lang.Object)'> (0x000000008dc505e8) thrown at [./src/hotspot/share/interpreter/linkResolver.cpp, line 773]
Event: 22.997 Thread 0x000001f17dfa9000 Exception <a 'java/lang/NoSuchMethodError'{0x000000008dc59b98}: 'java.lang.Object java.lang.invoke.DirectMethodHandle$Holder.invokeSpecialIFC(java.lang.Object, java.lang.Object, java.lang.Object)'> (0x000000008dc59b98) thrown at [./src/hotspot/share/interpreter/linkResolver.cpp, line 773]
Event: 23.000 Thread 0x000001f17e665000 Exception <a 'java/lang/NoSuchMethodError'{0x000000008ddd12a0}: 'java.lang.Object java.lang.invoke.DirectMethodHandle$Holder.invokeSpecialIFC(java.lang.Object, java.lang.Object, java.lang.Object)'> (0x000000008ddd12a0) thrown at [./src/hotspot/share/interpreter/linkResolver.cpp, line 773]
Event: 23.125 Thread 0x000001f1108c2800 Implicit null exception at 0x000001f107e2a574 to 0x000001f107e2ab88
Event: 23.138 Thread 0x000001f10f512000 Exception <a 'java/lang/NoSuchMethodError'{0x000000008d648b48}: 'void java.lang.invoke.DirectMethodHandle$Holder.invokeVirtual(java.lang.Object, java.lang.Object)'> (0x000000008d648b48) thrown at [./src/hotspot/share/interpreter/linkResolver.cpp, line 773]
Event: 23.284 Thread 0x000001f1108c2800 Exception <a 'sun/nio/fs/WindowsException'{0x000000008cb1adc8}> (0x000000008cb1adc8) thrown at [./src/hotspot/share/prims/jni.cpp, line 616]

Events (20 events):
Event: 23.796 loading class sun/net/spi/DefaultProxySelector$NonProxyInfo done
Event: 23.796 loading class sun/net/spi/DefaultProxySelector$4
Event: 23.797 loading class sun/net/spi/DefaultProxySelector$4 done
Event: 23.797 loading class org/apache/http/impl/conn/SystemDefaultRoutePlanner$1
Event: 23.797 loading class org/apache/http/impl/conn/SystemDefaultRoutePlanner$1 done
Event: 23.797 loading class org/apache/http/conn/routing/HttpRoute
Event: 23.797 loading class org/apache/http/conn/routing/HttpRoute done
Event: 23.799 loading class org/apache/http/conn/routing/RouteInfo$TunnelType
Event: 23.799 loading class org/apache/http/conn/routing/RouteInfo$TunnelType done
Event: 23.800 loading class org/apache/http/conn/routing/RouteInfo$LayerType
Event: 23.800 loading class org/apache/http/conn/routing/RouteInfo$LayerType done
Event: 23.801 loading class org/apache/http/message/BasicHeader
Event: 23.801 loading class org/apache/http/message/BasicHeader done
Event: 23.802 loading class org/apache/http/HeaderElement
Event: 23.802 loading class org/apache/http/HeaderElement done
Event: 23.802 loading class org/apache/http/cookie/CookieOrigin
Event: 23.802 loading class org/apache/http/cookie/CookieOrigin done
Event: 23.803 loading class org/apache/http/impl/cookie/RFC2965Spec
Event: 23.803 loading class org/apache/http/impl/cookie/RFC2965Spec done
Event: 23.803 Executing VM operation: G1CollectForAllocation


Dynamic libraries:
0x00007ff64f980000 - 0x00007ff64f98a000 	C:\Program Files\Android\Android Studio\jre\bin\java.exe
0x00007ffa91430000 - 0x00007ffa91628000 	C:\WINDOWS\SYSTEM32\ntdll.dll
0x00007ffa8f5b0000 - 0x00007ffa8f66f000 	C:\WINDOWS\System32\KERNEL32.DLL
0x00007ffa8ee60000 - 0x00007ffa8f156000 	C:\WINDOWS\System32\KERNELBASE.dll
0x00007ffa8f200000 - 0x00007ffa8f300000 	C:\WINDOWS\System32\ucrtbase.dll
0x00007ffa798c0000 - 0x00007ffa798d7000 	C:\Program Files\Android\Android Studio\jre\bin\VCRUNTIME140.dll
0x00007ffa79540000 - 0x00007ffa79559000 	C:\Program Files\Android\Android Studio\jre\bin\jli.dll
0x00007ffa8fa80000 - 0x00007ffa8fc1d000 	C:\WINDOWS\System32\USER32.dll
0x00007ffa8ee30000 - 0x00007ffa8ee52000 	C:\WINDOWS\System32\win32u.dll
0x00007ffa8f670000 - 0x00007ffa8f69c000 	C:\WINDOWS\System32\GDI32.dll
0x00007ffa8f370000 - 0x00007ffa8f485000 	C:\WINDOWS\System32\gdi32full.dll
0x00007ffa76ed0000 - 0x00007ffa7716a000 	C:\WINDOWS\WinSxS\amd64_microsoft.windows.common-controls_6595b64144ccf1df_6.0.19041.1110_none_60b5254171f9507e\COMCTL32.dll
0x00007ffa8f160000 - 0x00007ffa8f1fd000 	C:\WINDOWS\System32\msvcp_win.dll
0x00007ffa8fc40000 - 0x00007ffa8fcde000 	C:\WINDOWS\System32\msvcrt.dll
0x00007ffa8fa50000 - 0x00007ffa8fa80000 	C:\WINDOWS\System32\IMM32.DLL
0x0000000075a10000 - 0x0000000075a1c000 	C:\Program Files (x86)\360\Total Security\safemon\SafeWrapper.dll
0x00007ffa90c50000 - 0x00007ffa90cff000 	C:\WINDOWS\System32\ADVAPI32.dll
0x00007ffa8f750000 - 0x00007ffa8f7ec000 	C:\WINDOWS\System32\sechost.dll
0x00007ffa90b20000 - 0x00007ffa90c46000 	C:\WINDOWS\System32\RPCRT4.dll
0x00007ffa62070000 - 0x00007ffa62102000 	C:\Program Files (x86)\360\Total Security\safemon\libzdtp64.dll
0x00007ffa903d0000 - 0x00007ffa90b14000 	C:\WINDOWS\System32\SHELL32.dll
0x00007ffa8fce0000 - 0x00007ffa8fd35000 	C:\WINDOWS\System32\SHLWAPI.dll
0x00007ffa8e620000 - 0x00007ffa8e62a000 	C:\WINDOWS\SYSTEM32\VERSION.dll
0x00007ffa5e090000 - 0x00007ffa5e12d000 	C:\Program Files\Android\Android Studio\jre\bin\msvcp140.dll
0x00007ffa54180000 - 0x00007ffa54c82000 	C:\Program Files\Android\Android Studio\jre\bin\server\jvm.dll
0x00007ffa90360000 - 0x00007ffa90368000 	C:\WINDOWS\System32\PSAPI.DLL
0x00007ffa89d60000 - 0x00007ffa89d69000 	C:\WINDOWS\SYSTEM32\WSOCK32.dll
0x00007ffa736a0000 - 0x00007ffa736c7000 	C:\WINDOWS\SYSTEM32\WINMM.dll
0x00007ffa91170000 - 0x00007ffa911db000 	C:\WINDOWS\System32\WS2_32.dll
0x00007ffa8d2f0000 - 0x00007ffa8d302000 	C:\WINDOWS\SYSTEM32\kernel.appcore.dll
0x00007ffa88380000 - 0x00007ffa88391000 	C:\Program Files\Android\Android Studio\jre\bin\verify.dll
0x00007ffa840f0000 - 0x00007ffa842d4000 	C:\WINDOWS\SYSTEM32\DBGHELP.DLL
0x00007ffa78d60000 - 0x00007ffa78d94000 	C:\WINDOWS\SYSTEM32\dbgcore.DLL
0x00007ffa8eb40000 - 0x00007ffa8ebc2000 	C:\WINDOWS\System32\bcryptPrimitives.dll
0x00007ffa88090000 - 0x00007ffa880b9000 	C:\Program Files\Android\Android Studio\jre\bin\java.dll
0x00007ffa88b70000 - 0x00007ffa88b7b000 	C:\Program Files\Android\Android Studio\jre\bin\jimage.dll
0x00007ffa87b50000 - 0x00007ffa87b68000 	C:\Program Files\Android\Android Studio\jre\bin\zip.dll
0x00007ffa8cac0000 - 0x00007ffa8d253000 	C:\WINDOWS\SYSTEM32\windows.storage.dll
0x00007ffa8fef0000 - 0x00007ffa90244000 	C:\WINDOWS\System32\combase.dll
0x00007ffa8e330000 - 0x00007ffa8e35e000 	C:\WINDOWS\SYSTEM32\Wldp.dll
0x00007ffa902b0000 - 0x00007ffa9035d000 	C:\WINDOWS\System32\SHCORE.dll
0x00007ffa8ea50000 - 0x00007ffa8ea6f000 	C:\WINDOWS\SYSTEM32\profapi.dll
0x00007ffa864f0000 - 0x00007ffa8650a000 	C:\Program Files\Android\Android Studio\jre\bin\net.dll
0x00007ffa8c490000 - 0x00007ffa8c59a000 	C:\WINDOWS\SYSTEM32\WINHTTP.dll
0x00007ffa8e110000 - 0x00007ffa8e17a000 	C:\WINDOWS\system32\mswsock.dll
0x00007ffa85c10000 - 0x00007ffa85c24000 	C:\Program Files\Android\Android Studio\jre\bin\nio.dll
0x00007ffa79950000 - 0x00007ffa79977000 	C:\Users\Admin\.gradle\native\e1d6ef7f7dcc3fd88c89a11ec53ec762bb8ba0a96d01ffa2cd45eb1d1d8dd5c5\windows-amd64\native-platform.dll
0x00007ffa5ba20000 - 0x00007ffa5bb64000 	C:\Users\Admin\.gradle\native\0d407fdbe67a94daf76414ababcb853783967236a71b16ec16e742cd7a986fd3\windows-amd64\native-platform-file-events.dll
0x00007ffa88600000 - 0x00007ffa8860a000 	C:\Program Files\Android\Android Studio\jre\bin\management.dll
0x00007ffa864e0000 - 0x00007ffa864ed000 	C:\Program Files\Android\Android Studio\jre\bin\management_ext.dll
0x00007ffa8e370000 - 0x00007ffa8e388000 	C:\WINDOWS\SYSTEM32\CRYPTSP.dll
0x00007ffa8da50000 - 0x00007ffa8da84000 	C:\WINDOWS\system32\rsaenh.dll
0x00007ffa8eb10000 - 0x00007ffa8eb37000 	C:\WINDOWS\System32\bcrypt.dll
0x00007ffa8ea10000 - 0x00007ffa8ea3e000 	C:\WINDOWS\SYSTEM32\USERENV.dll
0x00007ffa8e2a0000 - 0x00007ffa8e2ac000 	C:\WINDOWS\SYSTEM32\CRYPTBASE.dll
0x00007ffa8de20000 - 0x00007ffa8de5c000 	C:\WINDOWS\SYSTEM32\IPHLPAPI.DLL
0x00007ffa8f730000 - 0x00007ffa8f738000 	C:\WINDOWS\System32\NSI.dll
0x00007ffa87380000 - 0x00007ffa87397000 	C:\WINDOWS\SYSTEM32\dhcpcsvc6.DLL
0x00007ffa87360000 - 0x00007ffa8737d000 	C:\WINDOWS\SYSTEM32\dhcpcsvc.DLL
0x00007ffa8de60000 - 0x00007ffa8df2a000 	C:\WINDOWS\SYSTEM32\DNSAPI.dll
0x00007ffa85ab0000 - 0x00007ffa85ad7000 	C:\Program Files\Android\Android Studio\jre\bin\sunec.dll

dbghelp: loaded successfully - version: 4.0.5 - missing functions: none
symbol engine: initialized successfully - sym options: 0x614 - pdb path: .;C:\Program Files\Android\Android Studio\jre\bin;C:\WINDOWS\SYSTEM32;C:\WINDOWS\WinSxS\amd64_microsoft.windows.common-controls_6595b64144ccf1df_6.0.19041.1110_none_60b5254171f9507e;C:\Program Files (x86)\360\Total Security\safemon;C:\Program Files\Android\Android Studio\jre\bin\server;C:\Users\Admin\.gradle\native\e1d6ef7f7dcc3fd88c89a11ec53ec762bb8ba0a96d01ffa2cd45eb1d1d8dd5c5\windows-amd64;C:\Users\Admin\.gradle\native\0d407fdbe67a94daf76414ababcb853783967236a71b16ec16e742cd7a986fd3\windows-amd64

VM Arguments:
jvm_args: --add-opens=java.base/java.util=ALL-UNNAMED --add-opens=java.base/java.lang=ALL-UNNAMED --add-opens=java.base/java.lang.invoke=ALL-UNNAMED --add-opens=java.base/java.util=ALL-UNNAMED --add-opens=java.prefs/java.util.prefs=ALL-UNNAMED --add-opens=java.prefs/java.util.prefs=ALL-UNNAMED --add-opens=java.base/java.nio.charset=ALL-UNNAMED --add-opens=java.base/java.net=ALL-UNNAMED --add-opens=java.base/java.util.concurrent.atomic=ALL-UNNAMED -Xmx2048m -Dfile.encoding=UTF-8 -Duser.country=US -Duser.language=en -Duser.variant 
java_command: org.gradle.launcher.daemon.bootstrap.GradleDaemon 7.4
java_class_path (initial): C:\Users\Admin\.gradle\wrapper\dists\gradle-7.4-bin\c0gwcg53nkjbqw7r0h0umtfvt\gradle-7.4\lib\gradle-launcher-7.4.jar
Launcher Type: SUN_STANDARD

[Global flags]
     intx CICompilerCount                          = 4                                         {product} {ergonomic}
     uint ConcGCThreads                            = 2                                         {product} {ergonomic}
     uint G1ConcRefinementThreads                  = 8                                         {product} {ergonomic}
   size_t G1HeapRegionSize                         = 1048576                                   {product} {ergonomic}
    uintx GCDrainStackTargetSize                   = 64                                        {product} {ergonomic}
   size_t InitialHeapSize                          = 134217728                                 {product} {ergonomic}
   size_t MarkStackSize                            = 4194304                                   {product} {ergonomic}
   size_t MaxHeapSize                              = 2147483648                                {product} {command line}
   size_t MaxNewSize                               = 1287651328                                {product} {ergonomic}
   size_t MinHeapDeltaBytes                        = 1048576                                   {product} {ergonomic}
    uintx NonNMethodCodeHeapSize                   = 5836300                                {pd product} {ergonomic}
    uintx NonProfiledCodeHeapSize                  = 122910970                              {pd product} {ergonomic}
    uintx ProfiledCodeHeapSize                     = 122910970                              {pd product} {ergonomic}
    uintx ReservedCodeCacheSize                    = 251658240                              {pd product} {ergonomic}
     bool SegmentedCodeCache                       = true                                      {product} {ergonomic}
     bool UseCompressedClassPointers               = true                                 {lp64_product} {ergonomic}
     bool UseCompressedOops                        = true                                 {lp64_product} {ergonomic}
     bool UseG1GC                                  = true                                      {product} {ergonomic}
     bool UseLargePagesIndividualAllocation        = false                                  {pd product} {ergonomic}

Logging:
Log output configuration:
 #0: stdout all=warning uptime,level,tags
 #1: stderr all=off uptime,level,tags

Environment Variables:
PATH=C:\Program Files\Common Files\Oracle\Java\javapath;C:\ProgramData\Oracle\Java\javapath;C:\WINDOWS\system32;C:\WINDOWS;C:\WINDOWS\System32\Wbem;C:\WINDOWS\System32\WindowsPowerShell\v1.0\;C:\WINDOWS\System32\OpenSSH\;%QUARTUS_ROOTDIR%\bin;C:\Program Files (x86)\Microchip\MPLAB C32 Suite\bin;C:\Users\Admin\Desktop\???????\bin;C:\Aldec\Active-HDL-Student-Edition\bin;C:\Program Files\Polyspace\R2019b\runtime\win64;C:\Program Files\Polyspace\R2019b\bin;C:\Program Files\Polyspace\R2019b\polyspace\bin;C:\Users\Admin\Desktop\bin;C:\Program Files\nodejs\;C:\Program Files\MySQL\MySQL Server 8.0\bin;C:\Program Files (x86)\HI-TECH Software\PICC\9.83\bin;D:\Git\cmd;C:\Users\Admin\AppData\Local\Microsoft\WindowsApps;;C:\Users\Admin\Desktop\Microsoft VS Code\bin;C:\Users\Admin\AppData\Roaming\npm;C:\Program Files\JetBrains\IntelliJ IDEA Community Edition 2022.2.3\bin;
USERNAME=Admin
OS=Windows_NT
PROCESSOR_IDENTIFIER=Intel64 Family 6 Model 142 Stepping 10, GenuineIntel



---------------  S Y S T E M  ---------------

OS: Windows 10 , 64 bit Build 19041 (10.0.19041.3031)
OS uptime: 1 days 3:35 hours
Hyper-V role detected

CPU:total 8 (initial active 8) (4 cores per cpu, 2 threads per core) family 6 model 142 stepping 10 microcode 0xc6, cmov, cx8, fxsr, mmx, sse, sse2, sse3, ssse3, sse4.1, sse4.2, popcnt, avx, avx2, clmul, erms, 3dnowpref, lzcnt, ht, tsc, tscinvbit, bmi1, bmi2, adx, fma

Memory: 4k page, system-wide physical 8088M (1040M free)
TotalPageFile size 9995M (AvailPageFile size 33M)
current process WorkingSet (physical memory assigned to process): 504M, peak: 504M
current process commit charge ("private bytes"): 542M, peak: 585M

vm_info: OpenJDK 64-Bit Server VM (11.0.13+0-b1751.21-8125866) for windows-amd64 JRE (11.0.13+0-b1751.21-8125866), built on Feb  2 2022 03:00:22 by "builder" with MS VC++ 14.0 (VS2015)

END.
