#
# There is insufficient memory for the Java Runtime Environment to continue.
# Native memory allocation (malloc) failed to allocate 1847376 bytes for Chunk::new
# Possible reasons:
#   The system is out of physical RAM or swap space
#   The process is running with CompressedOops enabled, and the Java Heap may be blocking the growth of the native heap
# Possible solutions:
#   Reduce memory load on the system
#   Increase physical memory or swap space
#   Check if swap backing store is full
#   Decrease Java heap size (-Xmx/-Xms)
#   Decrease number of Java threads
#   Decrease Java thread stack sizes (-Xss)
#   Set larger code cache with -XX:ReservedCodeCacheSize=
#   JVM is running with Unscaled Compressed Oops mode in which the Java heap is
#     placed in the first 4GB address space. The Java Heap base address is the
#     maximum limit for the native heap growth. Please use -XX:HeapBaseMinAddress
#     to set the Java Heap base and to place the Java Heap above 4GB virtual address.
# This output file may be truncated or incomplete.
#
#  Out of Memory Error (./src/hotspot/share/memory/arena.cpp:197), pid=11284, tid=14520
#
# JRE version: OpenJDK Runtime Environment (11.0.13) (build 11.0.13+0-b1751.21-8125866)
# Java VM: OpenJDK 64-Bit Server VM (11.0.13+0-b1751.21-8125866, mixed mode, tiered, compressed oops, g1 gc, windows-amd64)
# No core dump will be written. Minidumps are not enabled by default on client versions of Windows
#

---------------  S U M M A R Y ------------

Command Line: --add-opens=java.base/java.util=ALL-UNNAMED --add-opens=java.base/java.lang=ALL-UNNAMED --add-opens=java.base/java.lang.invoke=ALL-UNNAMED --add-opens=java.base/java.util=ALL-UNNAMED --add-opens=java.prefs/java.util.prefs=ALL-UNNAMED --add-opens=java.prefs/java.util.prefs=ALL-UNNAMED --add-opens=java.base/java.nio.charset=ALL-UNNAMED --add-opens=java.base/java.net=ALL-UNNAMED --add-opens=java.base/java.util.concurrent.atomic=ALL-UNNAMED -Xmx2048m -Dfile.encoding=UTF-8 -Duser.country=US -Duser.language=en -Duser.variant org.gradle.launcher.daemon.bootstrap.GradleDaemon 7.4

Host: Intel(R) Core(TM) i7-8550U CPU @ 1.80GHz, 8 cores, 7G,  Windows 10 , 64 bit Build 19041 (10.0.19041.2788)
Time: Thu May  4 15:09:57 2023 West Bank Gaza Daylight Time elapsed time: 10.902689 seconds (0d 0h 0m 10s)

---------------  T H R E A D  ---------------

Current thread (0x000001f46cac6000):  JavaThread "C2 CompilerThread0" daemon [_thread_in_native, id=14520, stack(0x0000002058d00000,0x0000002058e00000)]


Current CompileTask:
C2:  10902 2151       4       java.net.URLClassLoader$1::run (5 bytes)

Stack: [0x0000002058d00000,0x0000002058e00000]
Native frames: (J=compiled Java code, j=interpreted, Vv=VM code, C=native code)
V  [jvm.dll+0x6100fa]
V  [jvm.dll+0x747090]
V  [jvm.dll+0x7486ad]
V  [jvm.dll+0x748d83]
V  [jvm.dll+0x24ab48]
V  [jvm.dll+0xc04dc]
V  [jvm.dll+0xc0a0c]
V  [jvm.dll+0x35eb5b]
V  [jvm.dll+0x32b833]
V  [jvm.dll+0x32ad2a]
V  [jvm.dll+0x2032b2]
V  [jvm.dll+0x202437]
V  [jvm.dll+0x188e01]
V  [jvm.dll+0x21106b]
V  [jvm.dll+0x20f8c1]
V  [jvm.dll+0x70de0f]
V  [jvm.dll+0x706a75]
V  [jvm.dll+0x60ed66]
C  [ucrtbase.dll+0x21bb2]
C  [KERNEL32.DLL+0x17604]
C  [ntdll.dll+0x526a1]


---------------  P R O C E S S  ---------------

Threads class SMR info:
_java_thread_list=0x000001f46d3940c0, length=26, elements={
0x000001f45157e000, 0x000001f46c238000, 0x000001f46ca62800, 0x000001f46cab8000,
0x000001f46cab9000, 0x000001f46cabb000, 0x000001f46cac6000, 0x000001f46caca800,
0x000001f46cad1800, 0x000001f46cc44000, 0x000001f46efcc000, 0x000001f46eafc000,
0x000001f46d562800, 0x000001f46ecbb000, 0x000001f46f39b000, 0x000001f46de38800,
0x000001f46ebd0800, 0x000001f46e563800, 0x000001f46faf4800, 0x000001f46d986000,
0x000001f46ce13800, 0x000001f46ce15000, 0x000001f46ce18000, 0x000001f46f78c800,
0x000001f46ce19000, 0x000001f46ce16000
}

Java Threads: ( => current thread )
  0x000001f45157e000 JavaThread "main" [_thread_blocked, id=3832, stack(0x0000002058100000,0x0000002058200000)]
  0x000001f46c238000 JavaThread "Reference Handler" daemon [_thread_blocked, id=4632, stack(0x0000002058800000,0x0000002058900000)]
  0x000001f46ca62800 JavaThread "Finalizer" daemon [_thread_blocked, id=4784, stack(0x0000002058900000,0x0000002058a00000)]
  0x000001f46cab8000 JavaThread "Signal Dispatcher" daemon [_thread_blocked, id=6136, stack(0x0000002058a00000,0x0000002058b00000)]
  0x000001f46cab9000 JavaThread "Attach Listener" daemon [_thread_blocked, id=14908, stack(0x0000002058b00000,0x0000002058c00000)]
  0x000001f46cabb000 JavaThread "Service Thread" daemon [_thread_blocked, id=6956, stack(0x0000002058c00000,0x0000002058d00000)]
=>0x000001f46cac6000 JavaThread "C2 CompilerThread0" daemon [_thread_in_native, id=14520, stack(0x0000002058d00000,0x0000002058e00000)]
  0x000001f46caca800 JavaThread "C1 CompilerThread0" daemon [_thread_blocked, id=13580, stack(0x0000002058e00000,0x0000002058f00000)]
  0x000001f46cad1800 JavaThread "Sweeper thread" daemon [_thread_blocked, id=16516, stack(0x0000002058f00000,0x0000002059000000)]
  0x000001f46cc44000 JavaThread "Common-Cleaner" daemon [_thread_blocked, id=17640, stack(0x0000002059000000,0x0000002059100000)]
  0x000001f46efcc000 JavaThread "Daemon health stats" [_thread_blocked, id=8688, stack(0x0000002059600000,0x0000002059700000)]
  0x000001f46eafc000 JavaThread "Incoming local TCP Connector on port 63774" [_thread_in_native, id=16864, stack(0x0000002059200000,0x0000002059300000)]
  0x000001f46d562800 JavaThread "Daemon periodic checks" [_thread_blocked, id=15552, stack(0x0000002059500000,0x0000002059600000)]
  0x000001f46ecbb000 JavaThread "Daemon" [_thread_blocked, id=7080, stack(0x0000002059800000,0x0000002059900000)]
  0x000001f46f39b000 JavaThread "Handler for socket connection from /127.0.0.1:63774 to /127.0.0.1:63775" [_thread_in_native, id=18064, stack(0x0000002059900000,0x0000002059a00000)]
  0x000001f46de38800 JavaThread "Cancel handler" [_thread_blocked, id=18272, stack(0x0000002059a00000,0x0000002059b00000)]
  0x000001f46ebd0800 JavaThread "Daemon worker" [_thread_in_Java, id=12300, stack(0x0000002059b00000,0x0000002059c00000)]
  0x000001f46e563800 JavaThread "Asynchronous log dispatcher for DefaultDaemonConnection: socket connection from /127.0.0.1:63774 to /127.0.0.1:63775" [_thread_blocked, id=14824, stack(0x0000002059c00000,0x0000002059d00000)]
  0x000001f46faf4800 JavaThread "Stdin handler" [_thread_blocked, id=17460, stack(0x0000002059d00000,0x0000002059e00000)]
  0x000001f46d986000 JavaThread "Daemon client event forwarder" [_thread_blocked, id=7968, stack(0x0000002059e00000,0x0000002059f00000)]
  0x000001f46ce13800 JavaThread "Cache worker for journal cache (C:\Users\Admin\.gradle\caches\journal-1)" [_thread_blocked, id=5204, stack(0x0000002059f00000,0x000000205a000000)]
  0x000001f46ce15000 JavaThread "File lock request listener" [_thread_in_native, id=8616, stack(0x000000205a000000,0x000000205a100000)]
  0x000001f46ce18000 JavaThread "Cache worker for file hash cache (C:\Users\Admin\.gradle\caches\7.4\fileHashes)" [_thread_blocked, id=10948, stack(0x000000205a100000,0x000000205a200000)]
  0x000001f46f78c800 JavaThread "C2 CompilerThread1" daemon [_thread_in_native, id=9832, stack(0x000000205a700000,0x000000205a800000)]
  0x000001f46ce19000 JavaThread "File watcher server" daemon [_thread_in_native, id=10820, stack(0x000000205a800000,0x000000205a900000)]
  0x000001f46ce16000 JavaThread "File watcher consumer" daemon [_thread_blocked, id=17076, stack(0x000000205a900000,0x000000205aa00000)]

Other Threads:
  0x000001f46c230800 VMThread "VM Thread" [stack: 0x0000002058700000,0x0000002058800000] [id=17552]
  0x000001f46cc55000 WatcherThread [stack: 0x0000002059100000,0x0000002059200000] [id=7644]
  0x000001f451598000 GCTaskThread "GC Thread#0" [stack: 0x0000002058200000,0x0000002058300000] [id=15952]
  0x000001f46dd56000 GCTaskThread "GC Thread#1" [stack: 0x0000002059300000,0x0000002059400000] [id=8136]
  0x000001f46d172800 GCTaskThread "GC Thread#2" [stack: 0x0000002059400000,0x0000002059500000] [id=3256]
  0x000001f46e67d800 GCTaskThread "GC Thread#3" [stack: 0x0000002059700000,0x0000002059800000] [id=9776]
  0x000001f46f2f7800 GCTaskThread "GC Thread#4" [stack: 0x000000205a200000,0x000000205a300000] [id=1316]
  0x000001f46f4da800 GCTaskThread "GC Thread#5" [stack: 0x000000205a300000,0x000000205a400000] [id=10632]
  0x000001f46f119000 GCTaskThread "GC Thread#6" [stack: 0x000000205a400000,0x000000205a500000] [id=5020]
  0x000001f46eeea800 GCTaskThread "GC Thread#7" [stack: 0x000000205a500000,0x000000205a600000] [id=14276]
  0x000001f4515cc000 ConcurrentGCThread "G1 Main Marker" [stack: 0x0000002058300000,0x0000002058400000] [id=12472]
  0x000001f4515cd800 ConcurrentGCThread "G1 Conc#0" [stack: 0x0000002058400000,0x0000002058500000] [id=18140]
  0x000001f46cc03800 ConcurrentGCThread "G1 Conc#1" [stack: 0x000000205a600000,0x000000205a700000] [id=3240]
  0x000001f46c0a2800 ConcurrentGCThread "G1 Refine#0" [stack: 0x0000002058500000,0x0000002058600000] [id=5224]
  0x000001f46c0a3000 ConcurrentGCThread "G1 Young RemSet Sampling" [stack: 0x0000002058600000,0x0000002058700000] [id=2224]

Threads with active compile tasks:
C2 CompilerThread0  11051 2151       4       java.net.URLClassLoader$1::run (5 bytes)
C2 CompilerThread1  11051 2152   !   4       java.net.URLClassLoader$1::run (81 bytes)

VM state:not at safepoint (normal execution)

VM Mutex/Monitor currently owned by a thread: None

Heap address: 0x0000000080000000, size: 2048 MB, Compressed Oops mode: 32-bit
Narrow klass base: 0x0000000000000000, Narrow klass shift: 3
Compressed class space size: 1073741824 Address: 0x0000000100000000

Heap:
 garbage-first heap   total 131072K, used 20683K [0x0000000080000000, 0x0000000100000000)
  region size 1024K, 7 young (7168K), 5 survivors (5120K)
 Metaspace       used 26765K, capacity 27339K, committed 27520K, reserved 1073152K
  class space    used 3458K, capacity 3702K, committed 3712K, reserved 1048576K
Heap Regions: E=young(eden), S=young(survivor), O=old, HS=humongous(starts), HC=humongous(continues), CS=collection set, F=free, A=archive, TAMS=top-at-mark-start (previous, next)
|   0|0x0000000080000000, 0x0000000080100000, 0x0000000080100000|100%| O|  |TAMS 0x0000000080100000, 0x0000000080000000| Untracked 
|   1|0x0000000080100000, 0x0000000080200000, 0x0000000080200000|100%| O|  |TAMS 0x0000000080200000, 0x0000000080100000| Untracked 
|   2|0x0000000080200000, 0x0000000080300000, 0x0000000080300000|100%| O|  |TAMS 0x0000000080300000, 0x0000000080200000| Untracked 
|   3|0x0000000080300000, 0x0000000080400000, 0x0000000080400000|100%|HS|  |TAMS 0x0000000080400000, 0x0000000080300000| Complete 
|   4|0x0000000080400000, 0x0000000080500000, 0x0000000080500000|100%|HC|  |TAMS 0x0000000080500000, 0x0000000080400000| Complete 
|   5|0x0000000080500000, 0x0000000080600000, 0x0000000080600000|100%|HC|  |TAMS 0x0000000080600000, 0x0000000080500000| Complete 
|   6|0x0000000080600000, 0x0000000080700000, 0x0000000080700000|100%| O|  |TAMS 0x0000000080700000, 0x0000000080600000| Untracked 
|   7|0x0000000080700000, 0x0000000080800000, 0x0000000080800000|100%| O|  |TAMS 0x0000000080800000, 0x0000000080700000| Untracked 
|   8|0x0000000080800000, 0x0000000080900000, 0x0000000080900000|100%| O|  |TAMS 0x0000000080900000, 0x0000000080800000| Untracked 
|   9|0x0000000080900000, 0x0000000080a00000, 0x0000000080a00000|100%| O|  |TAMS 0x0000000080a00000, 0x0000000080900000| Untracked 
|  10|0x0000000080a00000, 0x0000000080b00000, 0x0000000080b00000|100%| O|  |TAMS 0x0000000080b00000, 0x0000000080a00000| Untracked 
|  11|0x0000000080b00000, 0x0000000080c00000, 0x0000000080c00000|100%| O|  |TAMS 0x0000000080c00000, 0x0000000080b00000| Untracked 
|  12|0x0000000080c00000, 0x0000000080d00000, 0x0000000080d00000|100%| O|  |TAMS 0x0000000080d00000, 0x0000000080c00000| Untracked 
|  13|0x0000000080d00000, 0x0000000080e00000, 0x0000000080e00000|100%| O|  |TAMS 0x0000000080e00000, 0x0000000080d00000| Untracked 
|  14|0x0000000080e00000, 0x0000000080f00000, 0x0000000080f00000|100%| O|  |TAMS 0x0000000080f00000, 0x0000000080e00000| Untracked 
|  15|0x0000000080f00000, 0x0000000080f00000, 0x0000000081000000|  0%| F|  |TAMS 0x0000000080f00000, 0x0000000080f00000| Untracked 
|  16|0x0000000081000000, 0x0000000081000000, 0x0000000081100000|  0%| F|  |TAMS 0x0000000081000000, 0x0000000081000000| Untracked 
|  17|0x0000000081100000, 0x0000000081100000, 0x0000000081200000|  0%| F|  |TAMS 0x0000000081100000, 0x0000000081100000| Untracked 
|  18|0x0000000081200000, 0x0000000081200000, 0x0000000081300000|  0%| F|  |TAMS 0x0000000081200000, 0x0000000081200000| Untracked 
|  19|0x0000000081300000, 0x0000000081300000, 0x0000000081400000|  0%| F|  |TAMS 0x0000000081300000, 0x0000000081300000| Untracked 
|  20|0x0000000081400000, 0x0000000081400000, 0x0000000081500000|  0%| F|  |TAMS 0x0000000081400000, 0x0000000081400000| Untracked 
|  21|0x0000000081500000, 0x0000000081500000, 0x0000000081600000|  0%| F|  |TAMS 0x0000000081500000, 0x0000000081500000| Untracked 
|  22|0x0000000081600000, 0x0000000081600000, 0x0000000081700000|  0%| F|  |TAMS 0x0000000081600000, 0x0000000081600000| Untracked 
|  23|0x0000000081700000, 0x0000000081700000, 0x0000000081800000|  0%| F|  |TAMS 0x0000000081700000, 0x0000000081700000| Untracked 
|  24|0x0000000081800000, 0x0000000081800000, 0x0000000081900000|  0%| F|  |TAMS 0x0000000081800000, 0x0000000081800000| Untracked 
|  25|0x0000000081900000, 0x0000000081900000, 0x0000000081a00000|  0%| F|  |TAMS 0x0000000081900000, 0x0000000081900000| Untracked 
|  26|0x0000000081a00000, 0x0000000081a00000, 0x0000000081b00000|  0%| F|  |TAMS 0x0000000081a00000, 0x0000000081a00000| Untracked 
|  27|0x0000000081b00000, 0x0000000081b00000, 0x0000000081c00000|  0%| F|  |TAMS 0x0000000081b00000, 0x0000000081b00000| Untracked 
|  28|0x0000000081c00000, 0x0000000081c00000, 0x0000000081d00000|  0%| F|  |TAMS 0x0000000081c00000, 0x0000000081c00000| Untracked 
|  29|0x0000000081d00000, 0x0000000081d00000, 0x0000000081e00000|  0%| F|  |TAMS 0x0000000081d00000, 0x0000000081d00000| Untracked 
|  30|0x0000000081e00000, 0x0000000081e00000, 0x0000000081f00000|  0%| F|  |TAMS 0x0000000081e00000, 0x0000000081e00000| Untracked 
|  31|0x0000000081f00000, 0x0000000081f00000, 0x0000000082000000|  0%| F|  |TAMS 0x0000000081f00000, 0x0000000081f00000| Untracked 
|  32|0x0000000082000000, 0x0000000082000000, 0x0000000082100000|  0%| F|  |TAMS 0x0000000082000000, 0x0000000082000000| Untracked 
|  33|0x0000000082100000, 0x0000000082100000, 0x0000000082200000|  0%| F|  |TAMS 0x0000000082100000, 0x0000000082100000| Untracked 
|  34|0x0000000082200000, 0x0000000082200000, 0x0000000082300000|  0%| F|  |TAMS 0x0000000082200000, 0x0000000082200000| Untracked 
|  35|0x0000000082300000, 0x0000000082300000, 0x0000000082400000|  0%| F|  |TAMS 0x0000000082300000, 0x0000000082300000| Untracked 
|  36|0x0000000082400000, 0x0000000082400000, 0x0000000082500000|  0%| F|  |TAMS 0x0000000082400000, 0x0000000082400000| Untracked 
|  37|0x0000000082500000, 0x0000000082500000, 0x0000000082600000|  0%| F|  |TAMS 0x0000000082500000, 0x0000000082500000| Untracked 
|  38|0x0000000082600000, 0x0000000082600000, 0x0000000082700000|  0%| F|  |TAMS 0x0000000082600000, 0x0000000082600000| Untracked 
|  39|0x0000000082700000, 0x0000000082700000, 0x0000000082800000|  0%| F|  |TAMS 0x0000000082700000, 0x0000000082700000| Untracked 
|  40|0x0000000082800000, 0x0000000082800000, 0x0000000082900000|  0%| F|  |TAMS 0x0000000082800000, 0x0000000082800000| Untracked 
|  41|0x0000000082900000, 0x0000000082900000, 0x0000000082a00000|  0%| F|  |TAMS 0x0000000082900000, 0x0000000082900000| Untracked 
|  42|0x0000000082a00000, 0x0000000082a00000, 0x0000000082b00000|  0%| F|  |TAMS 0x0000000082a00000, 0x0000000082a00000| Untracked 
|  43|0x0000000082b00000, 0x0000000082b00000, 0x0000000082c00000|  0%| F|  |TAMS 0x0000000082b00000, 0x0000000082b00000| Untracked 
|  44|0x0000000082c00000, 0x0000000082c00000, 0x0000000082d00000|  0%| F|  |TAMS 0x0000000082c00000, 0x0000000082c00000| Untracked 
|  45|0x0000000082d00000, 0x0000000082d00000, 0x0000000082e00000|  0%| F|  |TAMS 0x0000000082d00000, 0x0000000082d00000| Untracked 
|  46|0x0000000082e00000, 0x0000000082e00000, 0x0000000082f00000|  0%| F|  |TAMS 0x0000000082e00000, 0x0000000082e00000| Untracked 
|  47|0x0000000082f00000, 0x0000000082f00000, 0x0000000083000000|  0%| F|  |TAMS 0x0000000082f00000, 0x0000000082f00000| Untracked 
|  48|0x0000000083000000, 0x0000000083000000, 0x0000000083100000|  0%| F|  |TAMS 0x0000000083000000, 0x0000000083000000| Untracked 
|  49|0x0000000083100000, 0x0000000083100000, 0x0000000083200000|  0%| F|  |TAMS 0x0000000083100000, 0x0000000083100000| Untracked 
|  50|0x0000000083200000, 0x0000000083200000, 0x0000000083300000|  0%| F|  |TAMS 0x0000000083200000, 0x0000000083200000| Untracked 
|  51|0x0000000083300000, 0x0000000083300000, 0x0000000083400000|  0%| F|  |TAMS 0x0000000083300000, 0x0000000083300000| Untracked 
|  52|0x0000000083400000, 0x0000000083400000, 0x0000000083500000|  0%| F|  |TAMS 0x0000000083400000, 0x0000000083400000| Untracked 
|  53|0x0000000083500000, 0x0000000083500000, 0x0000000083600000|  0%| F|  |TAMS 0x0000000083500000, 0x0000000083500000| Untracked 
|  54|0x0000000083600000, 0x0000000083600000, 0x0000000083700000|  0%| F|  |TAMS 0x0000000083600000, 0x0000000083600000| Untracked 
|  55|0x0000000083700000, 0x0000000083700000, 0x0000000083800000|  0%| F|  |TAMS 0x0000000083700000, 0x0000000083700000| Untracked 
|  56|0x0000000083800000, 0x0000000083800000, 0x0000000083900000|  0%| F|  |TAMS 0x0000000083800000, 0x0000000083800000| Untracked 
|  57|0x0000000083900000, 0x0000000083900000, 0x0000000083a00000|  0%| F|  |TAMS 0x0000000083900000, 0x0000000083900000| Untracked 
|  58|0x0000000083a00000, 0x0000000083a00000, 0x0000000083b00000|  0%| F|  |TAMS 0x0000000083a00000, 0x0000000083a00000| Untracked 
|  59|0x0000000083b00000, 0x0000000083b00000, 0x0000000083c00000|  0%| F|  |TAMS 0x0000000083b00000, 0x0000000083b00000| Untracked 
|  60|0x0000000083c00000, 0x0000000083c00000, 0x0000000083d00000|  0%| F|  |TAMS 0x0000000083c00000, 0x0000000083c00000| Untracked 
|  61|0x0000000083d00000, 0x0000000083d00000, 0x0000000083e00000|  0%| F|  |TAMS 0x0000000083d00000, 0x0000000083d00000| Untracked 
|  62|0x0000000083e00000, 0x0000000083e00000, 0x0000000083f00000|  0%| F|  |TAMS 0x0000000083e00000, 0x0000000083e00000| Untracked 
|  63|0x0000000083f00000, 0x0000000083f00000, 0x0000000084000000|  0%| F|  |TAMS 0x0000000083f00000, 0x0000000083f00000| Untracked 
|  64|0x0000000084000000, 0x0000000084000000, 0x0000000084100000|  0%| F|  |TAMS 0x0000000084000000, 0x0000000084000000| Untracked 
|  65|0x0000000084100000, 0x0000000084132f20, 0x0000000084200000| 19%| S|CS|TAMS 0x0000000084100000, 0x0000000084100000| Complete 
|  66|0x0000000084200000, 0x0000000084300000, 0x0000000084300000|100%| S|CS|TAMS 0x0000000084200000, 0x0000000084200000| Complete 
|  67|0x0000000084300000, 0x0000000084400000, 0x0000000084400000|100%| S|CS|TAMS 0x0000000084300000, 0x0000000084300000| Complete 
|  68|0x0000000084400000, 0x0000000084500000, 0x0000000084500000|100%| S|CS|TAMS 0x0000000084400000, 0x0000000084400000| Complete 
|  69|0x0000000084500000, 0x0000000084600000, 0x0000000084600000|100%| S|CS|TAMS 0x0000000084500000, 0x0000000084500000| Complete 
|  70|0x0000000084600000, 0x0000000084600000, 0x0000000084700000|  0%| F|  |TAMS 0x0000000084600000, 0x0000000084600000| Untracked 
|  71|0x0000000084700000, 0x0000000084700000, 0x0000000084800000|  0%| F|  |TAMS 0x0000000084700000, 0x0000000084700000| Untracked 
|  72|0x0000000084800000, 0x0000000084800000, 0x0000000084900000|  0%| F|  |TAMS 0x0000000084800000, 0x0000000084800000| Untracked 
|  73|0x0000000084900000, 0x0000000084900000, 0x0000000084a00000|  0%| F|  |TAMS 0x0000000084900000, 0x0000000084900000| Untracked 
|  74|0x0000000084a00000, 0x0000000084a00000, 0x0000000084b00000|  0%| F|  |TAMS 0x0000000084a00000, 0x0000000084a00000| Untracked 
|  75|0x0000000084b00000, 0x0000000084b00000, 0x0000000084c00000|  0%| F|  |TAMS 0x0000000084b00000, 0x0000000084b00000| Untracked 
|  76|0x0000000084c00000, 0x0000000084c00000, 0x0000000084d00000|  0%| F|  |TAMS 0x0000000084c00000, 0x0000000084c00000| Untracked 
|  77|0x0000000084d00000, 0x0000000084d00000, 0x0000000084e00000|  0%| F|  |TAMS 0x0000000084d00000, 0x0000000084d00000| Untracked 
|  78|0x0000000084e00000, 0x0000000084e00000, 0x0000000084f00000|  0%| F|  |TAMS 0x0000000084e00000, 0x0000000084e00000| Untracked 
|  79|0x0000000084f00000, 0x0000000084f00000, 0x0000000085000000|  0%| F|  |TAMS 0x0000000084f00000, 0x0000000084f00000| Untracked 
|  80|0x0000000085000000, 0x0000000085000000, 0x0000000085100000|  0%| F|  |TAMS 0x0000000085000000, 0x0000000085000000| Untracked 
|  81|0x0000000085100000, 0x0000000085100000, 0x0000000085200000|  0%| F|  |TAMS 0x0000000085100000, 0x0000000085100000| Untracked 
|  82|0x0000000085200000, 0x0000000085200000, 0x0000000085300000|  0%| F|  |TAMS 0x0000000085200000, 0x0000000085200000| Untracked 
|  83|0x0000000085300000, 0x0000000085300000, 0x0000000085400000|  0%| F|  |TAMS 0x0000000085300000, 0x0000000085300000| Untracked 
|  84|0x0000000085400000, 0x0000000085400000, 0x0000000085500000|  0%| F|  |TAMS 0x0000000085400000, 0x0000000085400000| Untracked 
|  85|0x0000000085500000, 0x0000000085500000, 0x0000000085600000|  0%| F|  |TAMS 0x0000000085500000, 0x0000000085500000| Untracked 
|  86|0x0000000085600000, 0x0000000085600000, 0x0000000085700000|  0%| F|  |TAMS 0x0000000085600000, 0x0000000085600000| Untracked 
|  87|0x0000000085700000, 0x0000000085700000, 0x0000000085800000|  0%| F|  |TAMS 0x0000000085700000, 0x0000000085700000| Untracked 
|  88|0x0000000085800000, 0x0000000085800000, 0x0000000085900000|  0%| F|  |TAMS 0x0000000085800000, 0x0000000085800000| Untracked 
|  89|0x0000000085900000, 0x0000000085900000, 0x0000000085a00000|  0%| F|  |TAMS 0x0000000085900000, 0x0000000085900000| Untracked 
|  90|0x0000000085a00000, 0x0000000085a00000, 0x0000000085b00000|  0%| F|  |TAMS 0x0000000085a00000, 0x0000000085a00000| Untracked 
|  91|0x0000000085b00000, 0x0000000085b00000, 0x0000000085c00000|  0%| F|  |TAMS 0x0000000085b00000, 0x0000000085b00000| Untracked 
|  92|0x0000000085c00000, 0x0000000085c00000, 0x0000000085d00000|  0%| F|  |TAMS 0x0000000085c00000, 0x0000000085c00000| Untracked 
|  93|0x0000000085d00000, 0x0000000085d00000, 0x0000000085e00000|  0%| F|  |TAMS 0x0000000085d00000, 0x0000000085d00000| Untracked 
|  94|0x0000000085e00000, 0x0000000085e00000, 0x0000000085f00000|  0%| F|  |TAMS 0x0000000085e00000, 0x0000000085e00000| Untracked 
|  95|0x0000000085f00000, 0x0000000085f00000, 0x0000000086000000|  0%| F|  |TAMS 0x0000000085f00000, 0x0000000085f00000| Untracked 
|  96|0x0000000086000000, 0x0000000086000000, 0x0000000086100000|  0%| F|  |TAMS 0x0000000086000000, 0x0000000086000000| Untracked 
|  97|0x0000000086100000, 0x0000000086100000, 0x0000000086200000|  0%| F|  |TAMS 0x0000000086100000, 0x0000000086100000| Untracked 
|  98|0x0000000086200000, 0x0000000086200000, 0x0000000086300000|  0%| F|  |TAMS 0x0000000086200000, 0x0000000086200000| Untracked 
|  99|0x0000000086300000, 0x0000000086300000, 0x0000000086400000|  0%| F|  |TAMS 0x0000000086300000, 0x0000000086300000| Untracked 
| 100|0x0000000086400000, 0x0000000086400000, 0x0000000086500000|  0%| F|  |TAMS 0x0000000086400000, 0x0000000086400000| Untracked 
| 101|0x0000000086500000, 0x0000000086500000, 0x0000000086600000|  0%| F|  |TAMS 0x0000000086500000, 0x0000000086500000| Untracked 
| 102|0x0000000086600000, 0x0000000086600000, 0x0000000086700000|  0%| F|  |TAMS 0x0000000086600000, 0x0000000086600000| Untracked 
| 103|0x0000000086700000, 0x0000000086700000, 0x0000000086800000|  0%| F|  |TAMS 0x0000000086700000, 0x0000000086700000| Untracked 
| 104|0x0000000086800000, 0x0000000086800000, 0x0000000086900000|  0%| F|  |TAMS 0x0000000086800000, 0x0000000086800000| Untracked 
| 105|0x0000000086900000, 0x0000000086900000, 0x0000000086a00000|  0%| F|  |TAMS 0x0000000086900000, 0x0000000086900000| Untracked 
| 106|0x0000000086a00000, 0x0000000086a00000, 0x0000000086b00000|  0%| F|  |TAMS 0x0000000086a00000, 0x0000000086a00000| Untracked 
| 107|0x0000000086b00000, 0x0000000086b00000, 0x0000000086c00000|  0%| F|  |TAMS 0x0000000086b00000, 0x0000000086b00000| Untracked 
| 108|0x0000000086c00000, 0x0000000086c00000, 0x0000000086d00000|  0%| F|  |TAMS 0x0000000086c00000, 0x0000000086c00000| Untracked 
| 109|0x0000000086d00000, 0x0000000086d00000, 0x0000000086e00000|  0%| F|  |TAMS 0x0000000086d00000, 0x0000000086d00000| Untracked 
| 110|0x0000000086e00000, 0x0000000086e00000, 0x0000000086f00000|  0%| F|  |TAMS 0x0000000086e00000, 0x0000000086e00000| Untracked 
| 111|0x0000000086f00000, 0x0000000086f00000, 0x0000000087000000|  0%| F|  |TAMS 0x0000000086f00000, 0x0000000086f00000| Untracked 
| 112|0x0000000087000000, 0x0000000087000000, 0x0000000087100000|  0%| F|  |TAMS 0x0000000087000000, 0x0000000087000000| Untracked 
| 113|0x0000000087100000, 0x0000000087100000, 0x0000000087200000|  0%| F|  |TAMS 0x0000000087100000, 0x0000000087100000| Untracked 
| 114|0x0000000087200000, 0x0000000087200000, 0x0000000087300000|  0%| F|  |TAMS 0x0000000087200000, 0x0000000087200000| Untracked 
| 115|0x0000000087300000, 0x0000000087300000, 0x0000000087400000|  0%| F|  |TAMS 0x0000000087300000, 0x0000000087300000| Untracked 
| 116|0x0000000087400000, 0x0000000087400000, 0x0000000087500000|  0%| F|  |TAMS 0x0000000087400000, 0x0000000087400000| Untracked 
| 117|0x0000000087500000, 0x0000000087500000, 0x0000000087600000|  0%| F|  |TAMS 0x0000000087500000, 0x0000000087500000| Untracked 
| 118|0x0000000087600000, 0x0000000087600000, 0x0000000087700000|  0%| F|  |TAMS 0x0000000087600000, 0x0000000087600000| Untracked 
| 119|0x0000000087700000, 0x0000000087700000, 0x0000000087800000|  0%| F|  |TAMS 0x0000000087700000, 0x0000000087700000| Untracked 
| 120|0x0000000087800000, 0x0000000087800000, 0x0000000087900000|  0%| F|  |TAMS 0x0000000087800000, 0x0000000087800000| Untracked 
| 121|0x0000000087900000, 0x0000000087900000, 0x0000000087a00000|  0%| F|  |TAMS 0x0000000087900000, 0x0000000087900000| Untracked 
| 122|0x0000000087a00000, 0x0000000087a00000, 0x0000000087b00000|  0%| F|  |TAMS 0x0000000087a00000, 0x0000000087a00000| Untracked 
| 123|0x0000000087b00000, 0x0000000087b00000, 0x0000000087c00000|  0%| F|  |TAMS 0x0000000087b00000, 0x0000000087b00000| Untracked 
| 124|0x0000000087c00000, 0x0000000087c00000, 0x0000000087d00000|  0%| F|  |TAMS 0x0000000087c00000, 0x0000000087c00000| Untracked 
| 125|0x0000000087d00000, 0x0000000087d00000, 0x0000000087e00000|  0%| F|  |TAMS 0x0000000087d00000, 0x0000000087d00000| Untracked 
| 126|0x0000000087e00000, 0x0000000087f00000, 0x0000000087f00000|100%| E|  |TAMS 0x0000000087e00000, 0x0000000087e00000| Complete 
| 127|0x0000000087f00000, 0x0000000088000000, 0x0000000088000000|100%| E|CS|TAMS 0x0000000087f00000, 0x0000000087f00000| Complete 

Card table byte_map: [0x000001f464f30000,0x000001f465330000] _byte_map_base: 0x000001f464b30000

Marking Bits (Prev, Next): (CMBitMap*) 0x000001f4515c33d0, (CMBitMap*) 0x000001f4515c3398
 Prev Bits: [0x000001f467730000, 0x000001f469730000)
 Next Bits: [0x000001f465730000, 0x000001f467730000)

Polling page: 0x000001f451640000

Metaspace:

Usage:
  Non-class:     23.15 MB capacity,    22.80 MB ( 98%) used,   306.27 KB (  1%) free+waste,    51.63 KB ( <1%) overhead. 
      Class:      3.62 MB capacity,     3.38 MB ( 94%) used,   212.59 KB (  6%) free+waste,    25.94 KB ( <1%) overhead. 
       Both:     26.76 MB capacity,    26.18 MB ( 98%) used,   518.85 KB (  2%) free+waste,    77.56 KB ( <1%) overhead. 

Virtual space:
  Non-class space:       24.00 MB reserved,      23.25 MB ( 97%) committed 
      Class space:        1.00 GB reserved,       3.63 MB ( <1%) committed 
             Both:        1.02 GB reserved,      26.88 MB (  3%) committed 

Chunk freelists:
   Non-Class:  43.00 KB
       Class:  10.00 KB
        Both:  53.00 KB

MaxMetaspaceSize: 17179869184.00 GB
CompressedClassSpaceSize: 1.00 GB
Initial GC threshold: 20.80 MB
Current GC threshold: 35.20 MB
CDS: off

CodeHeap 'non-profiled nmethods': size=120000Kb used=1158Kb max_used=1158Kb free=118841Kb
 bounds [0x000001f45cba0000, 0x000001f45ce10000, 0x000001f4640d0000]
CodeHeap 'profiled nmethods': size=120000Kb used=4886Kb max_used=4886Kb free=115113Kb
 bounds [0x000001f455670000, 0x000001f455b40000, 0x000001f45cba0000]
CodeHeap 'non-nmethods': size=5760Kb used=1225Kb max_used=1253Kb free=4534Kb
 bounds [0x000001f4550d0000, 0x000001f455340000, 0x000001f455670000]
 total_blobs=2781 nmethods=2279 adapters=414
 compilation: enabled
              stopped_count=0, restarted_count=0
 full_count=0

Compilation events (20 events):
Event: 10.742 Thread 0x000001f46caca800 2270       3       jdk.internal.org.objectweb.asm.ClassWriter::<init> (117 bytes)
Event: 10.745 Thread 0x000001f46caca800 nmethod 2270 0x000001f455b25690 code [0x000001f455b25920, 0x000001f455b26548]
Event: 10.758 Thread 0x000001f46caca800 2274       3       java.lang.reflect.Constructor::getRoot (5 bytes)
Event: 10.759 Thread 0x000001f46caca800 nmethod 2274 0x000001f455b26810 code [0x000001f455b269c0, 0x000001f455b26ad8]
Event: 10.759 Thread 0x000001f46caca800 2275       3       java.lang.invoke.TypeConvertingMethodAdapter::cast (42 bytes)
Event: 10.759 Thread 0x000001f46caca800 nmethod 2275 0x000001f455b26b90 code [0x000001f455b26da0, 0x000001f455b27208]
Event: 10.764 Thread 0x000001f46caca800 2276       3       java.util.concurrent.locks.ReentrantLock$Sync::isHeldExclusively (16 bytes)
Event: 10.764 Thread 0x000001f46caca800 nmethod 2276 0x000001f455b27390 code [0x000001f455b27540, 0x000001f455b276d8]
Event: 10.782 Thread 0x000001f46caca800 2278       3       jdk.internal.misc.Unsafe::weakCompareAndSetInt (11 bytes)
Event: 10.782 Thread 0x000001f46caca800 nmethod 2278 0x000001f455b27790 code [0x000001f455b27940, 0x000001f455b27a58]
Event: 10.792 Thread 0x000001f46caca800 2279       3       jdk.internal.misc.Unsafe::getAndAddInt (27 bytes)
Event: 10.793 Thread 0x000001f46caca800 nmethod 2279 0x000001f455b27b10 code [0x000001f455b27cc0, 0x000001f455b27ef8]
Event: 10.814 Thread 0x000001f46caca800 2280       3       java.util.Properties$LineReader::readLine (635 bytes)
Event: 10.820 Thread 0x000001f46caca800 nmethod 2280 0x000001f455b28010 code [0x000001f455b283e0, 0x000001f455b2ad58]
Event: 10.885 Thread 0x000001f46caca800 2281       3       java.util.concurrent.ConcurrentHashMap$EntryIterator::next (5 bytes)
Event: 10.885 Thread 0x000001f46caca800 nmethod 2281 0x000001f455b2ba10 code [0x000001f455b2bbc0, 0x000001f455b2bce8]
Event: 10.885 Thread 0x000001f46caca800 2283       3       java.util.HashMap::putMapEntries (154 bytes)
Event: 10.887 Thread 0x000001f46caca800 nmethod 2283 0x000001f455b2bd90 code [0x000001f455b2c060, 0x000001f455b2cd88]
Event: 10.887 Thread 0x000001f46caca800 2282       3       java.util.concurrent.ConcurrentHashMap$EntryIterator::next (51 bytes)
Event: 10.888 Thread 0x000001f46caca800 nmethod 2282 0x000001f455b2d110 code [0x000001f455b2d300, 0x000001f455b2d7f8]

GC Heap History (8 events):
Event: 2.398 GC heap before
{Heap before GC invocations=0 (full 0):
 garbage-first heap   total 131072K, used 29696K [0x0000000080000000, 0x0000000100000000)
  region size 1024K, 24 young (24576K), 0 survivors (0K)
 Metaspace       used 9827K, capacity 10058K, committed 10112K, reserved 1058816K
  class space    used 1008K, capacity 1102K, committed 1152K, reserved 1048576K
}
Event: 2.411 GC heap after
{Heap after GC invocations=1 (full 0):
 garbage-first heap   total 131072K, used 9406K [0x0000000080000000, 0x0000000100000000)
  region size 1024K, 3 young (3072K), 3 survivors (3072K)
 Metaspace       used 9827K, capacity 10058K, committed 10112K, reserved 1058816K
  class space    used 1008K, capacity 1102K, committed 1152K, reserved 1048576K
}
Event: 3.120 GC heap before
{Heap before GC invocations=1 (full 0):
 garbage-first heap   total 131072K, used 22718K [0x0000000080000000, 0x0000000100000000)
  region size 1024K, 16 young (16384K), 3 survivors (3072K)
 Metaspace       used 10797K, capacity 11013K, committed 11264K, reserved 1058816K
  class space    used 1111K, capacity 1207K, committed 1280K, reserved 1048576K
}
Event: 3.128 GC heap after
{Heap after GC invocations=2 (full 0):
 garbage-first heap   total 131072K, used 9728K [0x0000000080000000, 0x0000000100000000)
  region size 1024K, 1 young (1024K), 1 survivors (1024K)
 Metaspace       used 10797K, capacity 11013K, committed 11264K, reserved 1058816K
  class space    used 1111K, capacity 1207K, committed 1280K, reserved 1048576K
}
Event: 4.557 GC heap before
{Heap before GC invocations=2 (full 0):
 garbage-first heap   total 131072K, used 52736K [0x0000000080000000, 0x0000000100000000)
  region size 1024K, 43 young (44032K), 1 survivors (1024K)
 Metaspace       used 13677K, capacity 14007K, committed 14208K, reserved 1062912K
  class space    used 1482K, capacity 1589K, committed 1664K, reserved 1048576K
}
Event: 4.567 GC heap after
{Heap after GC invocations=3 (full 0):
 garbage-first heap   total 131072K, used 15111K [0x0000000080000000, 0x0000000100000000)
  region size 1024K, 6 young (6144K), 6 survivors (6144K)
 Metaspace       used 13677K, capacity 14007K, committed 14208K, reserved 1062912K
  class space    used 1482K, capacity 1589K, committed 1664K, reserved 1048576K
}
Event: 8.963 GC heap before
{Heap before GC invocations=3 (full 0):
 garbage-first heap   total 131072K, used 63239K [0x0000000080000000, 0x0000000100000000)
  region size 1024K, 54 young (55296K), 6 survivors (6144K)
 Metaspace       used 20821K, capacity 21193K, committed 21296K, reserved 1069056K
  class space    used 2525K, capacity 2688K, committed 2688K, reserved 1048576K
}
Event: 8.989 GC heap after
{Heap after GC invocations=4 (full 0):
 garbage-first heap   total 131072K, used 17605K [0x0000000080000000, 0x0000000100000000)
  region size 1024K, 3 young (3072K), 3 survivors (3072K)
 Metaspace       used 20821K, capacity 21193K, committed 21296K, reserved 1069056K
  class space    used 2525K, capacity 2688K, committed 2688K, reserved 1048576K
}

Deoptimization events (20 events):
Event: 8.887 Thread 0x000001f46ebd0800 Uncommon trap: trap_request=0xffffff4d fr.pc=0x000001f45cc1d434 relative=0x0000000000000474
Event: 8.887 Thread 0x000001f46ebd0800 Uncommon trap: reason=unstable_if action=reinterpret pc=0x000001f45cc1d434 method=java.lang.String.substring(I)Ljava/lang/String; @ 34 c2
Event: 8.887 Thread 0x000001f46ebd0800 DEOPT PACKING pc=0x000001f45cc1d434 sp=0x0000002059bfaf90
Event: 8.887 Thread 0x000001f46ebd0800 DEOPT UNPACKING pc=0x000001f45511a1af sp=0x0000002059bfaf68 mode 2
Event: 9.177 Thread 0x000001f46ebd0800 Uncommon trap: trap_request=0xffffff4d fr.pc=0x000001f45cc8b598 relative=0x0000000000000398
Event: 9.177 Thread 0x000001f46ebd0800 Uncommon trap: reason=unstable_if action=reinterpret pc=0x000001f45cc8b598 method=jdk.internal.org.objectweb.asm.Type.getArgumentsAndReturnSizes(Ljava/lang/String;)I @ 88 c2
Event: 9.177 Thread 0x000001f46ebd0800 DEOPT PACKING pc=0x000001f45cc8b598 sp=0x0000002059bf9560
Event: 9.177 Thread 0x000001f46ebd0800 DEOPT UNPACKING pc=0x000001f45511a1af sp=0x0000002059bf94e8 mode 2
Event: 9.667 Thread 0x000001f46ebd0800 Uncommon trap: trap_request=0xffffff4d fr.pc=0x000001f45cbf3efc relative=0x000000000000023c
Event: 9.667 Thread 0x000001f46ebd0800 Uncommon trap: reason=unstable_if action=reinterpret pc=0x000001f45cbf3efc method=java.util.concurrent.ConcurrentHashMap.get(Ljava/lang/Object;)Ljava/lang/Object; @ 76 c2
Event: 9.668 Thread 0x000001f46ebd0800 DEOPT PACKING pc=0x000001f45cbf3efc sp=0x0000002059bf8700
Event: 9.668 Thread 0x000001f46ebd0800 DEOPT UNPACKING pc=0x000001f45511a1af sp=0x0000002059bf8668 mode 2
Event: 10.530 Thread 0x000001f46ebd0800 Uncommon trap: trap_request=0xffffff7e fr.pc=0x000001f45ccb9b94 relative=0x0000000000000154
Event: 10.530 Thread 0x000001f46ebd0800 Uncommon trap: reason=predicate action=maybe_recompile pc=0x000001f45ccb9b94 method=com.google.common.base.CharMatcher.indexIn(Ljava/lang/CharSequence;I)I @ 19 c2
Event: 10.531 Thread 0x000001f46ebd0800 DEOPT PACKING pc=0x000001f45ccb9b94 sp=0x0000002059bfb400
Event: 10.531 Thread 0x000001f46ebd0800 DEOPT UNPACKING pc=0x000001f45511a1af sp=0x0000002059bfb390 mode 2
Event: 10.598 Thread 0x000001f46ebd0800 Uncommon trap: trap_request=0xffffff4d fr.pc=0x000001f45cc4f524 relative=0x00000000000013e4
Event: 10.598 Thread 0x000001f46ebd0800 Uncommon trap: reason=unstable_if action=reinterpret pc=0x000001f45cc4f524 method=java.util.concurrent.ConcurrentHashMap.putVal(Ljava/lang/Object;Ljava/lang/Object;Z)Ljava/lang/Object; @ 231 c2
Event: 10.598 Thread 0x000001f46ebd0800 DEOPT PACKING pc=0x000001f45cc4f524 sp=0x0000002059bfc660
Event: 10.598 Thread 0x000001f46ebd0800 DEOPT UNPACKING pc=0x000001f45511a1af sp=0x0000002059bfc5e0 mode 2

Classes redefined (0 events):
No events

Internal exceptions (20 events):
Event: 8.711 Thread 0x000001f46ebd0800 Exception <a 'java/lang/NoSuchMethodError'{0x00000000856efd38}: 'java.lang.Object java.lang.invoke.DirectMethodHandle$Holder.invokeStatic(java.lang.Object, java.lang.Object, java.lang.Object, int)'> (0x00000000856efd38) thrown at [./src/hotspot/share/interpreter/linkResolver.cpp, line 773]
Event: 8.712 Thread 0x000001f46ebd0800 Exception <a 'java/lang/NoSuchMethodError'{0x00000000856f4450}: 'java.lang.Object java.lang.invoke.DirectMethodHandle$Holder.invokeSpecial(java.lang.Object, java.lang.Object, java.lang.Object, java.lang.Object, int)'> (0x00000000856f4450) thrown at [./src/hotspot/share/interpreter/linkResolver.cpp, line 773]
Event: 8.712 Thread 0x000001f46ebd0800 Exception <a 'java/lang/NoSuchMethodError'{0x00000000856f8388}: 'java.lang.Object java.lang.invoke.Invokers$Holder.linkToTargetMethod(java.lang.Object, java.lang.Object, int, java.lang.Object)'> (0x00000000856f8388) thrown at [./src/hotspot/share/interpreter/linkResolver.cpp, line 773]
Event: 9.033 Thread 0x000001f46ebd0800 Exception <a 'java/lang/NoSuchMethodError'{0x0000000087fe51f8}: 'int java.lang.invoke.DirectMethodHandle$Holder.invokeSpecialIFC(java.lang.Object, java.lang.Object, java.lang.Object, java.lang.Object)'> (0x0000000087fe51f8) thrown at [./src/hotspot/share/interpreter/linkResolver.cpp, line 773]
Event: 9.036 Thread 0x000001f46ebd0800 Exception <a 'java/lang/NoSuchMethodError'{0x0000000087ff31b0}: 'java.lang.Object java.lang.invoke.DirectMethodHandle$Holder.invokeInterface(java.lang.Object, java.lang.Object, java.lang.Object)'> (0x0000000087ff31b0) thrown at [./src/hotspot/share/interpreter/linkResolver.cpp, line 773]
Event: 9.037 Thread 0x000001f46ebd0800 Exception <a 'java/lang/IncompatibleClassChangeError'{0x0000000087ff6688}: Found class java.lang.Object, but interface was expected> (0x0000000087ff6688) thrown at [./src/hotspot/share/interpreter/linkResolver.cpp, line 839]
Event: 9.292 Thread 0x000001f46ebd0800 Exception <a 'java/lang/NoSuchMethodError'{0x0000000087749e58}: 'void java.lang.invoke.DirectMethodHandle$Holder.invokeSpecial(java.lang.Object, java.lang.Object, java.lang.Object, java.lang.Object, java.lang.Object)'> (0x0000000087749e58) thrown at [./src/hotspot/share/interpreter/linkResolver.cpp, line 773]
Event: 9.344 Thread 0x000001f46ebd0800 Exception <a 'java/lang/NoSuchMethodError'{0x000000008756d0f8}: 'java.lang.Object java.lang.invoke.DirectMethodHandle$Holder.invokeSpecial(java.lang.Object, java.lang.Object, java.lang.Object, java.lang.Object, java.lang.Object, java.lang.Object, java.lang.Object, java.lang.Object, java.lang.Object)'> (0x000000008756d0f8) thrown at [./src/hotspot/share/interpreter/linkResolver.cpp, line 773]
Event: 9.548 Thread 0x000001f46ebd0800 Exception <a 'java/lang/NoSuchMethodError'{0x0000000086b6ffc8}: 'java.lang.Object java.lang.invoke.DirectMethodHandle$Holder.invokeVirtual(java.lang.Object, java.lang.Object, java.lang.Object, java.lang.Object)'> (0x0000000086b6ffc8) thrown at [./src/hotspot/share/interpreter/linkResolver.cpp, line 773]
Event: 9.793 Thread 0x000001f46ebd0800 Exception <a 'java/lang/NoSuchMethodError'{0x00000000865b2800}: 'void java.lang.invoke.DirectMethodHandle$Holder.invokeSpecial(java.lang.Object, java.lang.Object, java.lang.Object, java.lang.Object, java.lang.Object, java.lang.Object)'> (0x00000000865b2800) thrown at [./src/hotspot/share/interpreter/linkResolver.cpp, line 773]
Event: 9.819 Thread 0x000001f46ebd0800 Exception <a 'java/lang/NoSuchMethodError'{0x000000008642daa8}: 'void java.lang.invoke.DirectMethodHandle$Holder.invokeSpecial(java.lang.Object, java.lang.Object, java.lang.Object, java.lang.Object, java.lang.Object, java.lang.Object, java.lang.Object)'> (0x000000008642daa8) thrown at [./src/hotspot/share/interpreter/linkResolver.cpp, line 773]
Event: 9.823 Thread 0x000001f46ebd0800 Exception <a 'java/lang/NoSuchMethodError'{0x0000000086435f98}: 'java.lang.Object java.lang.invoke.Invokers$Holder.linkToTargetMethod(java.lang.Object, java.lang.Object, java.lang.Object, java.lang.Object, java.lang.Object, java.lang.Object)'> (0x0000000086435f98) thrown at [./src/hotspot/share/interpreter/linkResolver.cpp, line 773]
Event: 9.927 Thread 0x000001f46ebd0800 Exception <a 'java/lang/NoSuchMethodError'{0x00000000863fe038}: 'java.lang.Object java.lang.invoke.DirectMethodHandle$Holder.invokeVirtual(java.lang.Object, java.lang.Object, java.lang.Object, java.lang.Object, java.lang.Object, java.lang.Object, java.lang.Object, java.lang.Object, java.lang.Object, java.lang.Object, java.lang.Object, java.lang.Object, java.lang.Object, java.lang.Object, java.lang.Object, java.lang.Object, java.lang.Object, java.lang.Object, java.lang.Object, java.lang.Object, java.lang.Ob
Event: 10.119 Thread 0x000001f46ebd0800 Exception <a 'java/lang/NoSuchMethodError'{0x0000000085bfea18}: 'int java.lang.invoke.DirectMethodHandle$Holder.invokeStaticInit(java.lang.Object, java.lang.Object, java.lang.Object)'> (0x0000000085bfea18) thrown at [./src/hotspot/share/interpreter/linkResolver.cpp, line 773]
Event: 10.330 Thread 0x000001f46ebd0800 Exception <a 'java/lang/NoSuchMethodError'{0x000000008568a190}: 'void java.lang.invoke.DirectMethodHandle$Holder.invokeStaticInit(java.lang.Object, java.lang.Object)'> (0x000000008568a190) thrown at [./src/hotspot/share/interpreter/linkResolver.cpp, line 773]
Event: 10.691 Thread 0x000001f46ebd0800 Exception <a 'java/lang/NoSuchMethodError'{0x00000000850292d8}: 'void java.lang.invoke.DirectMethodHandle$Holder.invokeStatic(java.lang.Object, java.lang.Object, java.lang.Object, java.lang.Object)'> (0x00000000850292d8) thrown at [./src/hotspot/share/interpreter/linkResolver.cpp, line 773]
Event: 10.700 Thread 0x000001f46ebd0800 Exception <a 'java/lang/NoSuchMethodError'{0x0000000085048440}: 'int java.lang.invoke.DirectMethodHandle$Holder.invokeVirtual(java.lang.Object, java.lang.Object)'> (0x0000000085048440) thrown at [./src/hotspot/share/interpreter/linkResolver.cpp, line 773]
Event: 10.707 Thread 0x000001f46ebd0800 Exception <a 'java/lang/NoSuchMethodError'{0x0000000085060fb0}: 'java.lang.Object java.lang.invoke.DirectMethodHandle$Holder.invokeVirtual(java.lang.Object, java.lang.Object, java.lang.Object)'> (0x0000000085060fb0) thrown at [./src/hotspot/share/interpreter/linkResolver.cpp, line 773]
Event: 10.717 Thread 0x000001f46ebd0800 Exception <a 'java/lang/NoSuchMethodError'{0x00000000850dc468}: 'int java.lang.invoke.DirectMethodHandle$Holder.invokeVirtual(java.lang.Object, java.lang.Object, java.lang.Object)'> (0x00000000850dc468) thrown at [./src/hotspot/share/interpreter/linkResolver.cpp, line 773]
Event: 10.802 Thread 0x000001f46ebd0800 Exception <a 'java/lang/NoSuchMethodError'{0x0000000084ea34b0}: 'void java.lang.invoke.DirectMethodHandle$Holder.invokeSpecial(java.lang.Object, java.lang.Object)'> (0x0000000084ea34b0) thrown at [./src/hotspot/share/interpreter/linkResolver.cpp, line 773]

Events (20 events):
Event: 10.860 loading class kotlin/text/StringsKt__RegexExtensionsJVMKt
Event: 10.860 loading class kotlin/text/StringsKt__RegexExtensionsJVMKt done
Event: 10.861 loading class kotlin/text/StringsKt__IndentKt
Event: 10.861 loading class kotlin/text/StringsKt__IndentKt done
Event: 10.864 loading class kotlin/text/StringsKt__AppendableKt
Event: 10.864 loading class kotlin/text/StringsKt__AppendableKt done
Event: 10.885 loading class org/gradle/initialization/DefaultGradleProperties
Event: 10.885 loading class org/gradle/initialization/DefaultGradleProperties done
Event: 10.888 loading class org/gradle/initialization/CompositeInitScriptFinder
Event: 10.888 loading class org/gradle/initialization/CompositeInitScriptFinder done
Event: 10.889 loading class org/gradle/initialization/InitScriptFinder
Event: 10.889 loading class org/gradle/initialization/InitScriptFinder done
Event: 10.890 loading class org/gradle/initialization/UserHomeInitScriptFinder
Event: 10.890 loading class org/gradle/initialization/UserHomeInitScriptFinder done
Event: 10.890 loading class org/gradle/initialization/DirectoryInitScriptFinder
Event: 10.890 loading class org/gradle/initialization/DirectoryInitScriptFinder done
Event: 10.892 loading class org/gradle/initialization/DistributionInitScriptFinder
Event: 10.892 loading class org/gradle/initialization/DistributionInitScriptFinder done
Event: 10.899 loading class org/gradle/api/internal/initialization/ClassLoaderScope
Event: 10.899 loading class org/gradle/api/internal/initialization/ClassLoaderScope done


Dynamic libraries:
0x00007ff75da70000 - 0x00007ff75da7a000 	C:\Program Files\Android\Android Studio\jre\bin\java.exe
0x00007ff9269f0000 - 0x00007ff926be8000 	C:\WINDOWS\SYSTEM32\ntdll.dll
0x00007ff925310000 - 0x00007ff9253cf000 	C:\WINDOWS\System32\KERNEL32.DLL
0x00007ff924610000 - 0x00007ff9248ea000 	C:\WINDOWS\System32\KERNELBASE.dll
0x00007ff924370000 - 0x00007ff924470000 	C:\WINDOWS\System32\ucrtbase.dll
0x00007ff9068e0000 - 0x00007ff9068f9000 	C:\Program Files\Android\Android Studio\jre\bin\jli.dll
0x00007ff905f70000 - 0x00007ff905f87000 	C:\Program Files\Android\Android Studio\jre\bin\VCRUNTIME140.dll
0x00007ff926110000 - 0x00007ff9262ad000 	C:\WINDOWS\System32\USER32.dll
0x00007ff924940000 - 0x00007ff924962000 	C:\WINDOWS\System32\win32u.dll
0x00007ff925c20000 - 0x00007ff925c4b000 	C:\WINDOWS\System32\GDI32.dll
0x00007ff924100000 - 0x00007ff924210000 	C:\WINDOWS\System32\gdi32full.dll
0x00007ff90b660000 - 0x00007ff90b8fa000 	C:\WINDOWS\WinSxS\amd64_microsoft.windows.common-controls_6595b64144ccf1df_6.0.19041.1110_none_60b5254171f9507e\COMCTL32.dll
0x00007ff924470000 - 0x00007ff92450d000 	C:\WINDOWS\System32\msvcp_win.dll
0x00007ff925080000 - 0x00007ff92511e000 	C:\WINDOWS\System32\msvcrt.dll
0x00007ff925f30000 - 0x00007ff925f60000 	C:\WINDOWS\System32\IMM32.DLL
0x00000000664b0000 - 0x00000000664bc000 	C:\Program Files (x86)\360\Total Security\safemon\SafeWrapper.dll
0x00007ff926850000 - 0x00007ff9268fe000 	C:\WINDOWS\System32\ADVAPI32.dll
0x00007ff925b20000 - 0x00007ff925bbc000 	C:\WINDOWS\System32\sechost.dll
0x00007ff925c50000 - 0x00007ff925d76000 	C:\WINDOWS\System32\RPCRT4.dll
0x00007ff8f41f0000 - 0x00007ff8f4282000 	C:\Program Files (x86)\360\Total Security\safemon\libzdtp64.dll
0x00007ff9253d0000 - 0x00007ff925b14000 	C:\WINDOWS\System32\SHELL32.dll
0x00007ff9252b0000 - 0x00007ff925305000 	C:\WINDOWS\System32\SHLWAPI.dll
0x00007ff923c20000 - 0x00007ff923c2a000 	C:\WINDOWS\SYSTEM32\VERSION.dll
0x00007ff8ee280000 - 0x00007ff8ee31d000 	C:\Program Files\Android\Android Studio\jre\bin\msvcp140.dll
0x00007ff8efe10000 - 0x00007ff8f0912000 	C:\Program Files\Android\Android Studio\jre\bin\server\jvm.dll
0x00007ff925070000 - 0x00007ff925078000 	C:\WINDOWS\System32\PSAPI.DLL
0x00007ff9214c0000 - 0x00007ff9214c9000 	C:\WINDOWS\SYSTEM32\WSOCK32.dll
0x00007ff926010000 - 0x00007ff92607b000 	C:\WINDOWS\System32\WS2_32.dll
0x00007ff902560000 - 0x00007ff902587000 	C:\WINDOWS\SYSTEM32\WINMM.dll
0x00007ff9228a0000 - 0x00007ff9228b2000 	C:\WINDOWS\SYSTEM32\kernel.appcore.dll
0x00007ff91f700000 - 0x00007ff91f711000 	C:\Program Files\Android\Android Studio\jre\bin\verify.dll
0x00007ff919a80000 - 0x00007ff919c64000 	C:\WINDOWS\SYSTEM32\DBGHELP.DLL
0x00007ff90bb80000 - 0x00007ff90bbb4000 	C:\WINDOWS\SYSTEM32\dbgcore.DLL
0x00007ff924580000 - 0x00007ff924602000 	C:\WINDOWS\System32\bcryptPrimitives.dll
0x00007ff91bd60000 - 0x00007ff91bd89000 	C:\Program Files\Android\Android Studio\jre\bin\java.dll
0x00007ff9214b0000 - 0x00007ff9214bb000 	C:\Program Files\Android\Android Studio\jre\bin\jimage.dll
0x00007ff91f6e0000 - 0x00007ff91f6f8000 	C:\Program Files\Android\Android Studio\jre\bin\zip.dll
0x00007ff9220c0000 - 0x00007ff922853000 	C:\WINDOWS\SYSTEM32\windows.storage.dll
0x00007ff9262b0000 - 0x00007ff926604000 	C:\WINDOWS\System32\combase.dll
0x00007ff923930000 - 0x00007ff92395e000 	C:\WINDOWS\SYSTEM32\Wldp.dll
0x00007ff926730000 - 0x00007ff9267dd000 	C:\WINDOWS\System32\SHCORE.dll
0x00007ff924040000 - 0x00007ff92405f000 	C:\WINDOWS\SYSTEM32\profapi.dll
0x00007ff91b980000 - 0x00007ff91b99a000 	C:\Program Files\Android\Android Studio\jre\bin\net.dll
0x00007ff921970000 - 0x00007ff921a7a000 	C:\WINDOWS\SYSTEM32\WINHTTP.dll
0x00007ff923710000 - 0x00007ff92377a000 	C:\WINDOWS\system32\mswsock.dll
0x00007ff91b910000 - 0x00007ff91b924000 	C:\Program Files\Android\Android Studio\jre\bin\nio.dll
0x00007ff9054f0000 - 0x00007ff905517000 	C:\Users\Admin\.gradle\native\e1d6ef7f7dcc3fd88c89a11ec53ec762bb8ba0a96d01ffa2cd45eb1d1d8dd5c5\windows-amd64\native-platform.dll
0x00007ff8ea5f0000 - 0x00007ff8ea734000 	C:\Users\Admin\.gradle\native\0d407fdbe67a94daf76414ababcb853783967236a71b16ec16e742cd7a986fd3\windows-amd64\native-platform-file-events.dll
0x00007ff91f730000 - 0x00007ff91f73a000 	C:\Program Files\Android\Android Studio\jre\bin\management.dll
0x00007ff91dee0000 - 0x00007ff91deed000 	C:\Program Files\Android\Android Studio\jre\bin\management_ext.dll
0x00007ff923970000 - 0x00007ff923988000 	C:\WINDOWS\SYSTEM32\CRYPTSP.dll
0x00007ff923050000 - 0x00007ff923084000 	C:\WINDOWS\system32\rsaenh.dll
0x00007ff924970000 - 0x00007ff924997000 	C:\WINDOWS\System32\bcrypt.dll
0x00007ff924000000 - 0x00007ff92402e000 	C:\WINDOWS\SYSTEM32\USERENV.dll
0x00007ff9238a0000 - 0x00007ff9238ac000 	C:\WINDOWS\SYSTEM32\CRYPTBASE.dll
0x00007ff923420000 - 0x00007ff92345c000 	C:\WINDOWS\SYSTEM32\IPHLPAPI.DLL
0x00007ff926840000 - 0x00007ff926848000 	C:\WINDOWS\System32\NSI.dll
0x00007ff91d0b0000 - 0x00007ff91d0c7000 	C:\WINDOWS\SYSTEM32\dhcpcsvc6.DLL
0x00007ff91d010000 - 0x00007ff91d02d000 	C:\WINDOWS\SYSTEM32\dhcpcsvc.DLL
0x00007ff923460000 - 0x00007ff92352b000 	C:\WINDOWS\SYSTEM32\DNSAPI.dll

dbghelp: loaded successfully - version: 4.0.5 - missing functions: none
symbol engine: initialized successfully - sym options: 0x614 - pdb path: .;C:\Program Files\Android\Android Studio\jre\bin;C:\WINDOWS\SYSTEM32;C:\WINDOWS\WinSxS\amd64_microsoft.windows.common-controls_6595b64144ccf1df_6.0.19041.1110_none_60b5254171f9507e;C:\Program Files (x86)\360\Total Security\safemon;C:\Program Files\Android\Android Studio\jre\bin\server;C:\Users\Admin\.gradle\native\e1d6ef7f7dcc3fd88c89a11ec53ec762bb8ba0a96d01ffa2cd45eb1d1d8dd5c5\windows-amd64;C:\Users\Admin\.gradle\native\0d407fdbe67a94daf76414ababcb853783967236a71b16ec16e742cd7a986fd3\windows-amd64

VM Arguments:
jvm_args: --add-opens=java.base/java.util=ALL-UNNAMED --add-opens=java.base/java.lang=ALL-UNNAMED --add-opens=java.base/java.lang.invoke=ALL-UNNAMED --add-opens=java.base/java.util=ALL-UNNAMED --add-opens=java.prefs/java.util.prefs=ALL-UNNAMED --add-opens=java.prefs/java.util.prefs=ALL-UNNAMED --add-opens=java.base/java.nio.charset=ALL-UNNAMED --add-opens=java.base/java.net=ALL-UNNAMED --add-opens=java.base/java.util.concurrent.atomic=ALL-UNNAMED -Xmx2048m -Dfile.encoding=UTF-8 -Duser.country=US -Duser.language=en -Duser.variant 
java_command: org.gradle.launcher.daemon.bootstrap.GradleDaemon 7.4
java_class_path (initial): C:\Users\Admin\.gradle\wrapper\dists\gradle-7.4-bin\c0gwcg53nkjbqw7r0h0umtfvt\gradle-7.4\lib\gradle-launcher-7.4.jar
Launcher Type: SUN_STANDARD

[Global flags]
     intx CICompilerCount                          = 4                                         {product} {ergonomic}
     uint ConcGCThreads                            = 2                                         {product} {ergonomic}
     uint G1ConcRefinementThreads                  = 8                                         {product} {ergonomic}
   size_t G1HeapRegionSize                         = 1048576                                   {product} {ergonomic}
    uintx GCDrainStackTargetSize                   = 64                                        {product} {ergonomic}
   size_t InitialHeapSize                          = 134217728                                 {product} {ergonomic}
   size_t MarkStackSize                            = 4194304                                   {product} {ergonomic}
   size_t MaxHeapSize                              = 2147483648                                {product} {command line}
   size_t MaxNewSize                               = 1287651328                                {product} {ergonomic}
   size_t MinHeapDeltaBytes                        = 1048576                                   {product} {ergonomic}
    uintx NonNMethodCodeHeapSize                   = 5836300                                {pd product} {ergonomic}
    uintx NonProfiledCodeHeapSize                  = 122910970                              {pd product} {ergonomic}
    uintx ProfiledCodeHeapSize                     = 122910970                              {pd product} {ergonomic}
    uintx ReservedCodeCacheSize                    = 251658240                              {pd product} {ergonomic}
     bool SegmentedCodeCache                       = true                                      {product} {ergonomic}
     bool UseCompressedClassPointers               = true                                 {lp64_product} {ergonomic}
     bool UseCompressedOops                        = true                                 {lp64_product} {ergonomic}
     bool UseG1GC                                  = true                                      {product} {ergonomic}
     bool UseLargePagesIndividualAllocation        = false                                  {pd product} {ergonomic}

Logging:
Log output configuration:
 #0: stdout all=warning uptime,level,tags
 #1: stderr all=off uptime,level,tags

Environment Variables:
PATH=C:\Program Files\Common Files\Oracle\Java\javapath;C:\ProgramData\Oracle\Java\javapath;C:\WINDOWS\system32;C:\WINDOWS;C:\WINDOWS\System32\Wbem;C:\WINDOWS\System32\WindowsPowerShell\v1.0\;C:\WINDOWS\System32\OpenSSH\;%QUARTUS_ROOTDIR%\bin;C:\Program Files (x86)\Microchip\MPLAB C32 Suite\bin;C:\Users\Admin\Desktop\???????\bin;C:\Aldec\Active-HDL-Student-Edition\bin;C:\Program Files\Polyspace\R2019b\runtime\win64;C:\Program Files\Polyspace\R2019b\bin;C:\Program Files\Polyspace\R2019b\polyspace\bin;C:\Users\Admin\Desktop\bin;C:\Program Files\nodejs\;C:\Program Files\MySQL\MySQL Server 8.0\bin;C:\Program Files (x86)\HI-TECH Software\PICC\9.83\bin;D:\Git\cmd;C:\Users\Admin\AppData\Local\Microsoft\WindowsApps;;C:\Users\Admin\Desktop\Microsoft VS Code\bin;C:\Users\Admin\AppData\Roaming\npm;C:\Program Files\JetBrains\IntelliJ IDEA Community Edition 2022.2.3\bin;
USERNAME=Admin
OS=Windows_NT
PROCESSOR_IDENTIFIER=Intel64 Family 6 Model 142 Stepping 10, GenuineIntel



---------------  S Y S T E M  ---------------

OS: Windows 10 , 64 bit Build 19041 (10.0.19041.2788)
OS uptime: 1 days 18:22 hours
Hyper-V role detected

CPU:total 8 (initial active 8) (4 cores per cpu, 2 threads per core) family 6 model 142 stepping 10 microcode 0xc6, cmov, cx8, fxsr, mmx, sse, sse2, sse3, ssse3, sse4.1, sse4.2, popcnt, avx, avx2, clmul, erms, 3dnowpref, lzcnt, ht, tsc, tscinvbit, bmi1, bmi2, adx, fma

Memory: 4k page, system-wide physical 8088M (951M free)
TotalPageFile size 9995M (AvailPageFile size 5M)
current process WorkingSet (physical memory assigned to process): 197M, peak: 197M
current process commit charge ("private bytes"): 288M, peak: 290M

vm_info: OpenJDK 64-Bit Server VM (11.0.13+0-b1751.21-8125866) for windows-amd64 JRE (11.0.13+0-b1751.21-8125866), built on Feb  2 2022 03:00:22 by "builder" with MS VC++ 14.0 (VS2015)

END.
